#
# A fatal error has been detected by the Java Runtime Environment:
#
#  EXCEPTION_ACCESS_VIOLATION (0xc0000005) at pc=0x00007ff98b3c860f, pid=15340, tid=7756
#
# JRE version: OpenJDK Runtime Environment Corretto-11.0.9.12.1 (11.0.9.1+12) (build 11.0.9.1+12-LTS)
# Java VM: OpenJDK 64-Bit Server VM Corretto-11.0.9.12.1 (11.0.9.1+12-LTS, mixed mode, tiered, compressed oops, g1 gc, windows-amd64)
# Problematic frame:
# V  [jvm.dll+0x35860f]
#
# No core dump will be written. Minidumps are not enabled by default on client versions of Windows
#
# If you would like to submit a bug report, please visit:
#   https://bugreport.java.com/bugreport/crash.jsp
#

---------------  S U M M A R Y ------------

Command Line: --add-opens=java.base/java.util=ALL-UNNAMED --add-opens=java.base/java.lang=ALL-UNNAMED --add-opens=java.base/java.lang.invoke=ALL-UNNAMED --add-opens=java.prefs/java.util.prefs=ALL-UNNAMED -XX:MaxMetaspaceSize=256m -XX:+HeapDumpOnOutOfMemoryError -Xms256m -Xmx512m -Dfile.encoding=windows-1252 -Duser.country=PH -Duser.language=en -Duser.variant org.gradle.launcher.daemon.bootstrap.GradleDaemon 6.6.1

Host: Intel(R) Core(TM) i3-8100 CPU @ 3.60GHz, 4 cores, 11G,  Windows 10 , 64 bit Build 19041 (10.0.19041.662)
Time: Fri Jan  8 19:29:22 2021 Malay Peninsula Standard Time elapsed time: 2216.640511 seconds (0d 0h 36m 56s)

---------------  T H R E A D  ---------------

Current thread (0x0000019ddac89000):  JavaThread "C1 CompilerThread0" daemon [_thread_in_vm, id=7756, stack(0x0000009902900000,0x0000009902a00000)]


Current CompileTask:
C1:2216641 17434       3       org.gradle.api.internal.artifacts.configurations.DefaultConfiguration_Decorated::setCanBeConsumed (12 bytes)

Stack: [0x0000009902900000,0x0000009902a00000],  sp=0x00000099029fdd70,  free space=1015k
Native frames: (J=compiled Java code, j=interpreted, Vv=VM code, C=native code)
V  [jvm.dll+0x35860f]
V  [jvm.dll+0x647485]
V  [jvm.dll+0x1a30bb]
V  [jvm.dll+0x1a053a]
V  [jvm.dll+0x1a0440]
V  [jvm.dll+0x1b5059]
V  [jvm.dll+0x12a92a]
V  [jvm.dll+0x131efd]
V  [jvm.dll+0x130434]
V  [jvm.dll+0x138f3d]
V  [jvm.dll+0x1384c8]
V  [jvm.dll+0x12fc23]
V  [jvm.dll+0x131f0d]
V  [jvm.dll+0x130434]
V  [jvm.dll+0x129ca8]
V  [jvm.dll+0x13a25a]
V  [jvm.dll+0x124df9]
V  [jvm.dll+0x125160]
V  [jvm.dll+0x12541f]
V  [jvm.dll+0x1246c7]
V  [jvm.dll+0x1265d7]
V  [jvm.dll+0x20f697]
V  [jvm.dll+0x20d87b]
V  [jvm.dll+0x741ca9]
V  [jvm.dll+0x73ad54]
V  [jvm.dll+0x5f3f76]
C  [ucrtbase.dll+0x214c2]
C  [KERNEL32.DLL+0x17034]
C  [ntdll.dll+0x4d0d1]


siginfo: EXCEPTION_ACCESS_VIOLATION (0xc0000005), reading address 0x0000000000000047


Register to memory mapping:

RIP=0x00007ff98b3c860f jvm.dll
RAX=0x0000019ddd548ad0 points into unknown readable memory: 9c 64 56 ba 00 00 00 00
RBX=0x0000000100542998 is a pointer to class: 
org.gradle.api.internal.artifacts.configurations.DefaultConfiguration {0x00000001005429a0}
RCX=0x0000000100542998 is a pointer to class: 
org.gradle.api.internal.artifacts.configurations.DefaultConfiguration {0x00000001005429a0}
RDX=0x000000000000003f is an unknown value
RSP=0x00000099029fdd70 is pointing into the stack for thread: 0x0000019ddac89000
RBP=0x00000000e020e7d8 is an oop: org.gradle.initialization.MixInLegacyTypesClassLoader 
{0x00000000e020e7d8} - klass: 'org/gradle/initialization/MixInLegacyTypesClassLoader'
RSI=0x000000000000003f is an unknown value
RDI=0x000000000000003f is an unknown value
R8 =0x00007ff98b8fe2d8 jvm.dll
R9 =0x0 is NULL
R10=0x0000000000000004 is an unknown value
R11=0x00000099029fdd28 is pointing into the stack for thread: 0x0000019ddac89000
R12=0x00000000000001ea is an unknown value
R13=0x0 is NULL
R14={method} {0x0000019de2a2aed0} 'setCanBeConsumed' '(Z)V' in 'org/gradle/api/internal/artifacts/configurations/DefaultConfiguration'
R15=0x0000019ddd5b33c0 points into unknown readable memory: 80 eb 8c 8b f9 7f 00 00


Registers:
RAX=0x0000019ddd548ad0, RBX=0x0000000100542998, RCX=0x0000000100542998, RDX=0x000000000000003f
RSP=0x00000099029fdd70, RBP=0x00000000e020e7d8, RSI=0x000000000000003f, RDI=0x000000000000003f
R8 =0x00007ff98b8fe2d8, R9 =0x0000000000000000, R10=0x0000000000000004, R11=0x00000099029fdd28
R12=0x00000000000001ea, R13=0x0000000000000000, R14=0x0000019de2a2aec8, R15=0x0000019ddd5b33c0
RIP=0x00007ff98b3c860f, EFLAGS=0x0000000000010206

Top of Stack: (sp=0x00000099029fdd70)
0x00000099029fdd70:   00000099029fde80 00007ff98b210652
0x00000099029fdd80:   0000019ddd5b61af 000000000000000b
0x00000099029fdd90:   0000000100542998 00007ff98b6b7485
0x00000099029fdda0:   0000000000000000 0000000100542998
0x00000099029fddb0:   000000000000003f 0000000000000000
0x00000099029fddc0:   0000019dda2d79b0 00007ff98b2130bb
0x00000099029fddd0:   0000019ddd5b8870 0000019ddf7daac0
0x00000099029fdde0:   0000019ddd5b3470 0000019ddac89000
0x00000099029fddf0:   0000019ddd5b3301 00007ff98b211b00
0x00000099029fde00:   0000019ddac89000 0000019ddd1d7700
0x00000099029fde10:   0000019de2a212b8 0000019ddac89000
0x00000099029fde20:   0000019d00000000 0000000000000000
0x00000099029fde30:   0000000000000000 0000019ddd5b5de0
0x00000099029fde40:   00000000000000b5 00000099029fecc0
0x00000099029fde50:   0000019ddd1d6900 0000000000000000
0x00000099029fde60:   0000000000000026 0000019ddd5b5b00 

Instructions: (pc=0x00007ff98b3c860f)
0x00007ff98b3c850f:   7c 24 58 00 48 8b d8 74 04 32 db eb 7a 48 8b 07
0x00007ff98b3c851f:   48 8b cf ff 90 90 00 00 00 48 85 c0 74 61 48 8b
0x00007ff98b3c852f:   07 48 8b cf ff 90 90 00 00 00 48 8b 50 10 48 85
0x00007ff98b3c853f:   d2 74 4e 48 85 db 74 49 0f b7 0a 48 c7 c0 ff ff
0x00007ff98b3c854f:   ff ff 48 ff c0 80 3c 03 00 75 f7 3b c8 74 04 32
0x00007ff98b3c855f:   db eb 34 48 8b c1 85 c9 74 21 48 03 cb 48 2b d3
0x00007ff98b3c856f:   90 48 8b c1 48 ff c9 0f b6 44 10 05 38 01 75 99
0x00007ff98b3c857f:   48 8b c1 48 2b c3 48 85 c0 7f e6 b3 01 eb 08 33
0x00007ff98b3c858f:   d2 48 3b d3 0f 94 c3 49 83 3e 00 74 13 49 8b d5
0x00007ff98b3c859f:   48 8b cd e8 a9 66 d6 ff 49 8b ce e8 11 66 d6 ff
0x00007ff98b3c85af:   4c 8b 6c 24 68 0f b6 c3 4c 89 75 10 4c 8b 74 24
0x00007ff98b3c85bf:   28 4c 89 7d 18 4c 8b 7c 24 20 4c 89 65 20 4c 8b
0x00007ff98b3c85cf:   64 24 60 48 8b 6c 24 50 48 83 c4 30 5f 5e 5b c3
0x00007ff98b3c85df:   cc 48 89 5c 24 08 48 89 6c 24 10 48 89 74 24 18
0x00007ff98b3c85ef:   57 48 83 ec 20 48 8b fa 48 8b d9 e8 d1 52 17 00
0x00007ff98b3c85ff:   4c 8b 03 48 8b cb 48 8b e8 41 ff 90 90 00 00 00
0x00007ff98b3c860f:   81 7f 08 00 00 00 c0 48 8b f0 7d 07 48 8b bf f0
0x00007ff98b3c861f:   00 00 00 83 7f 08 00 7e 19 48 8b cf e8 a0 52 17
0x00007ff98b3c862f:   00 48 8b 17 48 8b cf 48 8b d8 ff 92 90 00 00 00
0x00007ff98b3c863f:   eb 04 33 db 8b c3 48 3b eb 75 09 48 3b f0 75 04
0x00007ff98b3c864f:   b0 01 eb 02 32 c0 48 8b 5c 24 30 48 8b 6c 24 38
0x00007ff98b3c865f:   48 8b 74 24 40 48 83 c4 20 5f c3 cc cc cc cc cc
0x00007ff98b3c866f:   cc 48 3b ca 74 2f 48 8b 81 a8 01 00 00 48 63 08
0x00007ff98b3c867f:   85 c9 7e 1e 4c 8b c1 33 c9 48 83 c0 08 0f 1f 40
0x00007ff98b3c868f:   00 48 39 10 74 0f 48 ff c1 48 83 c0 08 49 3b c8
0x00007ff98b3c869f:   7c ef 32 c0 c3 b0 01 c3 cc cc cc cc cc cc cc cc
0x00007ff98b3c86af:   cc 40 53 48 83 ec 20 48 8b da 48 8b d1 48 8b cb
0x00007ff98b3c86bf:   e8 bc 73 17 00 48 8b c3 48 83 c4 20 5b c3 cc cc
0x00007ff98b3c86cf:   cc 48 8b 42 08 0f b7 50 2e 48 8b 81 58 01 00 00
0x00007ff98b3c86df:   48 85 c0 74 0b 48 39 10 76 06 48 8b 44 d0 08 c3
0x00007ff98b3c86ef:   33 c0 c3 cc cc cc cc cc cc cc cc cc cc cc cc cc
0x00007ff98b3c86ff:   cc 48 89 6c 24 18 56 48 83 ec 20 48 8b 81 50 01 


Stack slot to memory mapping:
stack at sp + 0 slots: 0x00000099029fde80 is pointing into the stack for thread: 0x0000019ddac89000
stack at sp + 1 slots: 0x00007ff98b210652 jvm.dll
stack at sp + 2 slots: 0x0000019ddd5b61af points into unknown readable memory: b1
stack at sp + 3 slots: 0x000000000000000b is an unknown value
stack at sp + 4 slots: 0x0000000100542998 is a pointer to class: 
org.gradle.api.internal.artifacts.configurations.DefaultConfiguration {0x00000001005429a0}
stack at sp + 5 slots: 0x00007ff98b6b7485 jvm.dll
stack at sp + 6 slots: 0x0 is NULL
stack at sp + 7 slots: 0x0000000100542998 is a pointer to class: 
org.gradle.api.internal.artifacts.configurations.DefaultConfiguration {0x00000001005429a0}


---------------  P R O C E S S  ---------------

Threads class SMR info:
_java_thread_list=0x0000019ddfd96e70, length=53, elements={
0x0000019dbd5e6800, 0x0000019dda400000, 0x0000019dda404800, 0x0000019ddac83800,
0x0000019ddac84800, 0x0000019ddac86000, 0x0000019ddac89000, 0x0000019ddac92000,
0x0000019ddadea800, 0x0000019ddae0c000, 0x0000019ddbe95000, 0x0000019ddc02a000,
0x0000019ddc02b000, 0x0000019ddd05f000, 0x0000019ddd05e000, 0x0000019ddd05b800,
0x0000019ddd05d800, 0x0000019ddd627000, 0x0000019ddf662000, 0x0000019ddf665800,
0x0000019ddd626800, 0x0000019ddd621800, 0x0000019ddd623000, 0x0000019ddd628000,
0x0000019ddd629000, 0x0000019ddd62a800, 0x0000019ddd624800, 0x0000019ddd62b000,
0x0000019ddd625800, 0x0000019ddd62c000, 0x0000019ddd62d000, 0x0000019ddd62d800,
0x0000019ddd62e800, 0x0000019ddd62f800, 0x0000019ddd630000, 0x0000019ddc4b5800,
0x0000019ddc4b6800, 0x0000019ddc4b7000, 0x0000019ddc4b5000, 0x0000019ddc4b9000,
0x0000019ddc4b3000, 0x0000019ddc4b8000, 0x0000019ddc4b4000, 0x0000019ddc4ba800,
0x0000019ddc4bc000, 0x0000019ddc4bd800, 0x0000019ddc4be800, 0x0000019ddc4bf800,
0x0000019ddc4bb800, 0x0000019ddc4c0000, 0x0000019ddc4c1000, 0x0000019ddc4c2000,
0x0000019ddc4bd000
}

Java Threads: ( => current thread )
  0x0000019dbd5e6800 JavaThread "main" [_thread_blocked, id=12344, stack(0x0000009901d00000,0x0000009901e00000)]
  0x0000019dda400000 JavaThread "Reference Handler" daemon [_thread_blocked, id=10196, stack(0x0000009902400000,0x0000009902500000)]
  0x0000019dda404800 JavaThread "Finalizer" daemon [_thread_blocked, id=8304, stack(0x0000009902500000,0x0000009902600000)]
  0x0000019ddac83800 JavaThread "Signal Dispatcher" daemon [_thread_blocked, id=11820, stack(0x0000009902600000,0x0000009902700000)]
  0x0000019ddac84800 JavaThread "Attach Listener" daemon [_thread_blocked, id=2608, stack(0x0000009902700000,0x0000009902800000)]
  0x0000019ddac86000 JavaThread "C2 CompilerThread0" daemon [_thread_blocked, id=5504, stack(0x0000009902800000,0x0000009902900000)]
=>0x0000019ddac89000 JavaThread "C1 CompilerThread0" daemon [_thread_in_vm, id=7756, stack(0x0000009902900000,0x0000009902a00000)]
  0x0000019ddac92000 JavaThread "Sweeper thread" daemon [_thread_blocked, id=15988, stack(0x0000009902a00000,0x0000009902b00000)]
  0x0000019ddadea800 JavaThread "Common-Cleaner" daemon [_thread_blocked, id=17756, stack(0x0000009902b00000,0x0000009902c00000)]
  0x0000019ddae0c000 JavaThread "Service Thread" daemon [_thread_blocked, id=17924, stack(0x0000009902c00000,0x0000009902d00000)]
  0x0000019ddbe95000 JavaThread "Daemon health stats" [_thread_blocked, id=2444, stack(0x0000009903200000,0x0000009903300000)]
  0x0000019ddc02a000 JavaThread "Incoming local TCP Connector on port 54432" [_thread_in_native, id=1336, stack(0x0000009903400000,0x0000009903500000)]
  0x0000019ddc02b000 JavaThread "Daemon periodic checks" [_thread_blocked, id=12552, stack(0x0000009903500000,0x0000009903600000)]
  0x0000019ddd05f000 JavaThread "Cache worker for file hash cache (C:\Users\micool\.gradle\caches\6.6.1\fileHashes)" [_thread_blocked, id=16880, stack(0x0000009903d00000,0x0000009903e00000)]
  0x0000019ddd05e000 JavaThread "File lock request listener" [_thread_in_native, id=13108, stack(0x0000009903e00000,0x0000009903f00000)]
  0x0000019ddd05b800 JavaThread "Cache worker for journal cache (C:\Users\micool\.gradle\caches\journal-1)" [_thread_blocked, id=17880, stack(0x0000009903f00000,0x0000009904000000)]
  0x0000019ddd05d800 JavaThread "Cache worker for execution history cache (C:\Users\micool\.gradle\caches\6.6.1\executionHistory)" [_thread_blocked, id=19436, stack(0x0000009904500000,0x0000009904600000)]
  0x0000019ddd627000 JavaThread "Cache worker for file content cache (C:\Users\micool\.gradle\caches\6.6.1\fileContent)" [_thread_blocked, id=5516, stack(0x0000009904700000,0x0000009904800000)]
  0x0000019ddf662000 JavaThread "Memory manager" [_thread_blocked, id=6388, stack(0x0000009905d00000,0x0000009905e00000)]
  0x0000019ddf665800 JavaThread "Cache worker for Java compile cache (C:\Users\micool\.gradle\caches\6.6.1\javaCompile)" [_thread_blocked, id=16292, stack(0x0000009906300000,0x0000009906400000)]
  0x0000019ddd626800 JavaThread "Daemon Thread 12" [_thread_blocked, id=18588, stack(0x0000009902e00000,0x0000009902f00000)]
  0x0000019ddd621800 JavaThread "Handler for socket connection from /127.0.0.1:54432 to /127.0.0.1:56273" [_thread_in_native, id=10660, stack(0x0000009903300000,0x0000009903400000)]
  0x0000019ddd623000 JavaThread "Cancel handler" [_thread_blocked, id=18876, stack(0x0000009903600000,0x0000009903700000)]
  0x0000019ddd628000 JavaThread "Daemon worker Thread 12" [_thread_blocked, id=17428, stack(0x0000009903700000,0x0000009903800000)]
  0x0000019ddd629000 JavaThread "Asynchronous log dispatcher for DefaultDaemonConnection: socket connection from /127.0.0.1:54432 to /127.0.0.1:56273" [_thread_blocked, id=5036, stack(0x0000009903800000,0x0000009903900000)]
  0x0000019ddd62a800 JavaThread "Stdin handler" [_thread_blocked, id=9340, stack(0x0000009903900000,0x0000009903a00000)]
  0x0000019ddd624800 JavaThread "Thread-636" [_thread_blocked, id=16748, stack(0x0000009903a00000,0x0000009903b00000)]
  0x0000019ddd62b000 JavaThread "Cache worker for file hash cache (C:\Users\micool\IdeaProjects\UserManagement\.gradle\6.6.1\fileHashes)" [_thread_blocked, id=19196, stack(0x0000009903b00000,0x0000009903c00000)]
  0x0000019ddd625800 JavaThread "Cache worker for checksums cache (C:\Users\micool\IdeaProjects\UserManagement\.gradle\checksums)" [_thread_blocked, id=15052, stack(0x0000009903c00000,0x0000009903d00000)]
  0x0000019ddd62c000 JavaThread "Cache worker for cache directory md-supplier (C:\Users\micool\.gradle\caches\6.6.1\md-supplier)" [_thread_blocked, id=12080, stack(0x0000009904000000,0x0000009904100000)]
  0x0000019ddd62d000 JavaThread "Cache worker for cache directory md-rule (C:\Users\micool\.gradle\caches\6.6.1\md-rule)" [_thread_blocked, id=11628, stack(0x0000009904100000,0x0000009904200000)]
  0x0000019ddd62d800 JavaThread "Cache worker for Build Output Cleanup Cache (C:\Users\micool\IdeaProjects\UserManagement\.gradle\buildOutputCleanup)" [_thread_blocked, id=13720, stack(0x0000009904200000,0x0000009904300000)]
  0x0000019ddd62e800 JavaThread "Build operations" [_thread_blocked, id=17396, stack(0x0000009904300000,0x0000009904400000)]
  0x0000019ddd62f800 JavaThread "Build operations Thread 2" [_thread_blocked, id=11448, stack(0x0000009904400000,0x0000009904500000)]
  0x0000019ddd630000 JavaThread "Build operations Thread 3" [_thread_blocked, id=10524, stack(0x0000009904600000,0x0000009904700000)]
  0x0000019ddc4b5800 JavaThread "Build operations Thread 4" [_thread_blocked, id=15984, stack(0x0000009904800000,0x0000009904900000)]
  0x0000019ddc4b6800 JavaThread "jar transforms Thread 188" [_thread_blocked, id=8652, stack(0x0000009904900000,0x0000009904a00000)]
  0x0000019ddc4b7000 JavaThread "jar transforms Thread 189" [_thread_blocked, id=19452, stack(0x0000009904a00000,0x0000009904b00000)]
  0x0000019ddc4b5000 JavaThread "jar transforms Thread 190" [_thread_blocked, id=14900, stack(0x0000009904b00000,0x0000009904c00000)]
  0x0000019ddc4b9000 JavaThread "jar transforms Thread 191" [_thread_blocked, id=5572, stack(0x0000009904c00000,0x0000009904d00000)]
  0x0000019ddc4b3000 JavaThread "jar transforms Thread 192" [_thread_blocked, id=4880, stack(0x0000009904d00000,0x0000009904e00000)]
  0x0000019ddc4b8000 JavaThread "jar transforms Thread 193" [_thread_blocked, id=13636, stack(0x0000009904e00000,0x0000009904f00000)]
  0x0000019ddc4b4000 JavaThread "jar transforms Thread 194" [_thread_blocked, id=10352, stack(0x0000009904f00000,0x0000009905000000)]
  0x0000019ddc4ba800 JavaThread "jar transforms Thread 195" [_thread_blocked, id=12804, stack(0x0000009905000000,0x0000009905100000)]
  0x0000019ddc4bc000 JavaThread "jar transforms Thread 196" [_thread_blocked, id=18204, stack(0x0000009905100000,0x0000009905200000)]
  0x0000019ddc4bd800 JavaThread "jar transforms Thread 197" [_thread_blocked, id=18780, stack(0x0000009905200000,0x0000009905300000)]
  0x0000019ddc4be800 JavaThread "jar transforms Thread 198" [_thread_blocked, id=16268, stack(0x0000009905300000,0x0000009905400000)]
  0x0000019ddc4bf800 JavaThread "jar transforms Thread 199" [_thread_blocked, id=18968, stack(0x0000009905400000,0x0000009905500000)]
  0x0000019ddc4bb800 JavaThread "jar transforms Thread 200" [_thread_blocked, id=16632, stack(0x0000009905500000,0x0000009905600000)]
  0x0000019ddc4c0000 JavaThread "jar transforms Thread 201" [_thread_blocked, id=11308, stack(0x0000009905600000,0x0000009905700000)]
  0x0000019ddc4c1000 JavaThread "jar transforms Thread 202" [_thread_blocked, id=7016, stack(0x0000009905700000,0x0000009905800000)]
  0x0000019ddc4c2000 JavaThread "jar transforms Thread 203" [_thread_blocked, id=13660, stack(0x0000009905800000,0x0000009905900000)]
  0x0000019ddc4bd000 JavaThread "jar transforms Thread 204" [_thread_blocked, id=1252, stack(0x0000009905900000,0x0000009905a00000)]

Other Threads:
  0x0000019dda3f4800 VMThread "VM Thread" [stack: 0x0000009902300000,0x0000009902400000] [id=10764]
  0x0000019ddae0d800 WatcherThread [stack: 0x0000009902d00000,0x0000009902e00000] [id=19332]
  0x0000019dbd5fc800 GCTaskThread "GC Thread#0" [stack: 0x0000009901e00000,0x0000009901f00000] [id=10884]
  0x0000019ddb1bf800 GCTaskThread "GC Thread#1" [stack: 0x0000009902f00000,0x0000009903000000] [id=10264]
  0x0000019ddb68e800 GCTaskThread "GC Thread#2" [stack: 0x0000009903000000,0x0000009903100000] [id=11436]
  0x0000019ddb68f000 GCTaskThread "GC Thread#3" [stack: 0x0000009903100000,0x0000009903200000] [id=13380]
  0x0000019dbd60f800 ConcurrentGCThread "G1 Main Marker" [stack: 0x0000009901f00000,0x0000009902000000] [id=17708]
  0x0000019dbd612000 ConcurrentGCThread "G1 Conc#0" [stack: 0x0000009902000000,0x0000009902100000] [id=18072]
  0x0000019dda288800 ConcurrentGCThread "G1 Refine#0" [stack: 0x0000009902100000,0x0000009902200000] [id=16840]
  0x0000019dda289800 ConcurrentGCThread "G1 Young RemSet Sampling" [stack: 0x0000009902200000,0x0000009902300000] [id=15488]

Threads with active compile tasks:
C2 CompilerThread02216853 17416       4       org.gradle.internal.logging.progress.DefaultProgressLoggerFactory$ProgressLoggerImpl::started (191 bytes)
C1 CompilerThread02216854 17434       3       org.gradle.api.internal.artifacts.configurations.DefaultConfiguration_Decorated::setCanBeConsumed (12 bytes)

VM state:synchronizing (normal execution)

VM Mutex/Monitor currently owned by a thread:  ([mutex/lock_event])
[0x0000019dbd5e4830] Threads_lock - owner thread: 0x0000019dda3f4800

Heap address: 0x00000000e0000000, size: 512 MB, Compressed Oops mode: 32-bit
Narrow klass base: 0x0000000000000000, Narrow klass shift: 3
Compressed class space size: 260046848 Address: 0x0000000100000000

Heap:
 garbage-first heap   total 262144K, used 181387K [0x00000000e0000000, 0x0000000100000000)
  region size 1024K, 129 young (132096K), 6 survivors (6144K)
 Metaspace       used 71814K, capacity 74335K, committed 74444K, reserved 319488K
  class space    used 8553K, capacity 9461K, committed 9472K, reserved 253952K
Heap Regions: E=young(eden), S=young(survivor), O=old, HS=humongous(starts), HC=humongous(continues), CS=collection set, F=free, A=archive, TAMS=top-at-mark-start (previous, next)
|   0|0x00000000e0000000, 0x00000000e0100000, 0x00000000e0100000|100%| O|  |TAMS 0x00000000e0100000, 0x00000000e0000000| Untracked 
|   1|0x00000000e0100000, 0x00000000e0200000, 0x00000000e0200000|100%| O|  |TAMS 0x00000000e0200000, 0x00000000e0100000| Untracked 
|   2|0x00000000e0200000, 0x00000000e0300000, 0x00000000e0300000|100%| O|  |TAMS 0x00000000e0300000, 0x00000000e0200000| Untracked 
|   3|0x00000000e0300000, 0x00000000e0400000, 0x00000000e0400000|100%|HS|  |TAMS 0x00000000e0400000, 0x00000000e0300000| Complete 
|   4|0x00000000e0400000, 0x00000000e0500000, 0x00000000e0500000|100%|HC|  |TAMS 0x00000000e0500000, 0x00000000e0400000| Complete 
|   5|0x00000000e0500000, 0x00000000e0600000, 0x00000000e0600000|100%|HC|  |TAMS 0x00000000e0600000, 0x00000000e0500000| Complete 
|   6|0x00000000e0600000, 0x00000000e0700000, 0x00000000e0700000|100%| O|  |TAMS 0x00000000e0700000, 0x00000000e0600000| Untracked 
|   7|0x00000000e0700000, 0x00000000e0800000, 0x00000000e0800000|100%| O|  |TAMS 0x00000000e0800000, 0x00000000e0700000| Untracked 
|   8|0x00000000e0800000, 0x00000000e0900000, 0x00000000e0900000|100%| O|  |TAMS 0x00000000e0900000, 0x00000000e0800000| Untracked 
|   9|0x00000000e0900000, 0x00000000e0a00000, 0x00000000e0a00000|100%| O|  |TAMS 0x00000000e0a00000, 0x00000000e0900000| Untracked 
|  10|0x00000000e0a00000, 0x00000000e0b00000, 0x00000000e0b00000|100%| O|  |TAMS 0x00000000e0b00000, 0x00000000e0a00000| Untracked 
|  11|0x00000000e0b00000, 0x00000000e0c00000, 0x00000000e0c00000|100%| O|  |TAMS 0x00000000e0c00000, 0x00000000e0b00000| Untracked 
|  12|0x00000000e0c00000, 0x00000000e0d00000, 0x00000000e0d00000|100%| O|  |TAMS 0x00000000e0d00000, 0x00000000e0c00000| Untracked 
|  13|0x00000000e0d00000, 0x00000000e0e00000, 0x00000000e0e00000|100%| O|  |TAMS 0x00000000e0e00000, 0x00000000e0d00000| Untracked 
|  14|0x00000000e0e00000, 0x00000000e0f00000, 0x00000000e0f00000|100%| O|  |TAMS 0x00000000e0f00000, 0x00000000e0e00000| Untracked 
|  15|0x00000000e0f00000, 0x00000000e1000000, 0x00000000e1000000|100%| O|  |TAMS 0x00000000e1000000, 0x00000000e0f00000| Untracked 
|  16|0x00000000e1000000, 0x00000000e1100000, 0x00000000e1100000|100%| O|  |TAMS 0x00000000e1100000, 0x00000000e1000000| Untracked 
|  17|0x00000000e1100000, 0x00000000e1200000, 0x00000000e1200000|100%| O|  |TAMS 0x00000000e1200000, 0x00000000e1100000| Untracked 
|  18|0x00000000e1200000, 0x00000000e1300000, 0x00000000e1300000|100%| O|  |TAMS 0x00000000e1300000, 0x00000000e1200000| Untracked 
|  19|0x00000000e1300000, 0x00000000e1400000, 0x00000000e1400000|100%| O|  |TAMS 0x00000000e1400000, 0x00000000e1300000| Untracked 
|  20|0x00000000e1400000, 0x00000000e1500000, 0x00000000e1500000|100%| O|  |TAMS 0x00000000e1500000, 0x00000000e1400000| Untracked 
|  21|0x00000000e1500000, 0x00000000e1600000, 0x00000000e1600000|100%| O|  |TAMS 0x00000000e1600000, 0x00000000e1500000| Untracked 
|  22|0x00000000e1600000, 0x00000000e1700000, 0x00000000e1700000|100%| O|  |TAMS 0x00000000e1700000, 0x00000000e1600000| Untracked 
|  23|0x00000000e1700000, 0x00000000e1800000, 0x00000000e1800000|100%| O|  |TAMS 0x00000000e1800000, 0x00000000e1700000| Untracked 
|  24|0x00000000e1800000, 0x00000000e1900000, 0x00000000e1900000|100%| O|  |TAMS 0x00000000e1900000, 0x00000000e1800000| Untracked 
|  25|0x00000000e1900000, 0x00000000e1a00000, 0x00000000e1a00000|100%| O|  |TAMS 0x00000000e1a00000, 0x00000000e1900000| Untracked 
|  26|0x00000000e1a00000, 0x00000000e1b00000, 0x00000000e1b00000|100%| O|  |TAMS 0x00000000e1b00000, 0x00000000e1a00000| Untracked 
|  27|0x00000000e1b00000, 0x00000000e1c00000, 0x00000000e1c00000|100%| O|  |TAMS 0x00000000e1c00000, 0x00000000e1b00000| Untracked 
|  28|0x00000000e1c00000, 0x00000000e1d00000, 0x00000000e1d00000|100%| O|  |TAMS 0x00000000e1d00000, 0x00000000e1c00000| Untracked 
|  29|0x00000000e1d00000, 0x00000000e1e00000, 0x00000000e1e00000|100%| O|  |TAMS 0x00000000e1e00000, 0x00000000e1d00000| Untracked 
|  30|0x00000000e1e00000, 0x00000000e1f00000, 0x00000000e1f00000|100%| O|  |TAMS 0x00000000e1f00000, 0x00000000e1e00000| Untracked 
|  31|0x00000000e1f00000, 0x00000000e2000000, 0x00000000e2000000|100%| O|  |TAMS 0x00000000e2000000, 0x00000000e1f00000| Untracked 
|  32|0x00000000e2000000, 0x00000000e2100000, 0x00000000e2100000|100%| O|  |TAMS 0x00000000e2100000, 0x00000000e2000000| Untracked 
|  33|0x00000000e2100000, 0x00000000e2200000, 0x00000000e2200000|100%| O|  |TAMS 0x00000000e2200000, 0x00000000e2100000| Untracked 
|  34|0x00000000e2200000, 0x00000000e2300000, 0x00000000e2300000|100%| O|  |TAMS 0x00000000e2300000, 0x00000000e2200000| Untracked 
|  35|0x00000000e2300000, 0x00000000e2400000, 0x00000000e2400000|100%| O|  |TAMS 0x00000000e234ee00, 0x00000000e2300000| Untracked 
|  36|0x00000000e2400000, 0x00000000e2500000, 0x00000000e2500000|100%| O|  |TAMS 0x00000000e2400000, 0x00000000e2400000| Untracked 
|  37|0x00000000e2500000, 0x00000000e2600000, 0x00000000e2600000|100%| O|  |TAMS 0x00000000e2500000, 0x00000000e2500000| Untracked 
|  38|0x00000000e2600000, 0x00000000e2700000, 0x00000000e2700000|100%| O|  |TAMS 0x00000000e2600000, 0x00000000e2600000| Untracked 
|  39|0x00000000e2700000, 0x00000000e2800000, 0x00000000e2800000|100%| O|  |TAMS 0x00000000e2700000, 0x00000000e2700000| Untracked 
|  40|0x00000000e2800000, 0x00000000e2900000, 0x00000000e2900000|100%| O|  |TAMS 0x00000000e2800000, 0x00000000e2800000| Untracked 
|  41|0x00000000e2900000, 0x00000000e2a00000, 0x00000000e2a00000|100%| O|  |TAMS 0x00000000e2900000, 0x00000000e2900000| Untracked 
|  42|0x00000000e2a00000, 0x00000000e2b00000, 0x00000000e2b00000|100%| O|  |TAMS 0x00000000e2a00000, 0x00000000e2a00000| Untracked 
|  43|0x00000000e2b00000, 0x00000000e2c00000, 0x00000000e2c00000|100%| O|  |TAMS 0x00000000e2b00000, 0x00000000e2b00000| Untracked 
|  44|0x00000000e2c00000, 0x00000000e2d00000, 0x00000000e2d00000|100%| O|  |TAMS 0x00000000e2c00000, 0x00000000e2c00000| Untracked 
|  45|0x00000000e2d00000, 0x00000000e2e00000, 0x00000000e2e00000|100%| O|  |TAMS 0x00000000e2d00000, 0x00000000e2d00000| Untracked 
|  46|0x00000000e2e00000, 0x00000000e2f00000, 0x00000000e2f00000|100%| O|  |TAMS 0x00000000e2e00000, 0x00000000e2e00000| Untracked 
|  47|0x00000000e2f00000, 0x00000000e3000000, 0x00000000e3000000|100%| O|  |TAMS 0x00000000e2f00000, 0x00000000e2f00000| Untracked 
|  48|0x00000000e3000000, 0x00000000e3100000, 0x00000000e3100000|100%| O|  |TAMS 0x00000000e3000000, 0x00000000e3000000| Untracked 
|  49|0x00000000e3100000, 0x00000000e3200000, 0x00000000e3200000|100%| O|  |TAMS 0x00000000e3100000, 0x00000000e3100000| Untracked 
|  50|0x00000000e3200000, 0x00000000e32f6400, 0x00000000e3300000| 96%| O|  |TAMS 0x00000000e3200000, 0x00000000e3200000| Untracked 
|  51|0x00000000e3300000, 0x00000000e3300000, 0x00000000e3400000|  0%| F|  |TAMS 0x00000000e3300000, 0x00000000e3300000| Untracked 
|  52|0x00000000e3400000, 0x00000000e3400000, 0x00000000e3500000|  0%| F|  |TAMS 0x00000000e3400000, 0x00000000e3400000| Untracked 
|  53|0x00000000e3500000, 0x00000000e3500000, 0x00000000e3600000|  0%| F|  |TAMS 0x00000000e3500000, 0x00000000e3500000| Untracked 
|  54|0x00000000e3600000, 0x00000000e3600000, 0x00000000e3700000|  0%| F|  |TAMS 0x00000000e3600000, 0x00000000e3600000| Untracked 
|  55|0x00000000e3700000, 0x00000000e3700000, 0x00000000e3800000|  0%| F|  |TAMS 0x00000000e3700000, 0x00000000e3700000| Untracked 
|  56|0x00000000e3800000, 0x00000000e3800000, 0x00000000e3900000|  0%| F|  |TAMS 0x00000000e3800000, 0x00000000e3800000| Untracked 
|  57|0x00000000e3900000, 0x00000000e3900000, 0x00000000e3a00000|  0%| F|  |TAMS 0x00000000e3900000, 0x00000000e3900000| Untracked 
|  58|0x00000000e3a00000, 0x00000000e3a00000, 0x00000000e3b00000|  0%| F|  |TAMS 0x00000000e3a00000, 0x00000000e3a00000| Untracked 
|  59|0x00000000e3b00000, 0x00000000e3b00000, 0x00000000e3c00000|  0%| F|  |TAMS 0x00000000e3b00000, 0x00000000e3b00000| Untracked 
|  60|0x00000000e3c00000, 0x00000000e3c00000, 0x00000000e3d00000|  0%| F|  |TAMS 0x00000000e3c00000, 0x00000000e3c00000| Untracked 
|  61|0x00000000e3d00000, 0x00000000e3d00000, 0x00000000e3e00000|  0%| F|  |TAMS 0x00000000e3d00000, 0x00000000e3d00000| Untracked 
|  62|0x00000000e3e00000, 0x00000000e3e00000, 0x00000000e3f00000|  0%| F|  |TAMS 0x00000000e3e00000, 0x00000000e3e00000| Untracked 
|  63|0x00000000e3f00000, 0x00000000e3f00000, 0x00000000e4000000|  0%| F|  |TAMS 0x00000000e3f00000, 0x00000000e3f00000| Untracked 
|  64|0x00000000e4000000, 0x00000000e4000000, 0x00000000e4100000|  0%| F|  |TAMS 0x00000000e4000000, 0x00000000e4000000| Untracked 
|  65|0x00000000e4100000, 0x00000000e4100000, 0x00000000e4200000|  0%| F|  |TAMS 0x00000000e4100000, 0x00000000e4100000| Untracked 
|  66|0x00000000e4200000, 0x00000000e4200000, 0x00000000e4300000|  0%| F|  |TAMS 0x00000000e4200000, 0x00000000e4200000| Untracked 
|  67|0x00000000e4300000, 0x00000000e4300000, 0x00000000e4400000|  0%| F|  |TAMS 0x00000000e4300000, 0x00000000e4300000| Untracked 
|  68|0x00000000e4400000, 0x00000000e4400000, 0x00000000e4500000|  0%| F|  |TAMS 0x00000000e4400000, 0x00000000e4400000| Untracked 
|  69|0x00000000e4500000, 0x00000000e4500000, 0x00000000e4600000|  0%| F|  |TAMS 0x00000000e4500000, 0x00000000e4500000| Untracked 
|  70|0x00000000e4600000, 0x00000000e4600000, 0x00000000e4700000|  0%| F|  |TAMS 0x00000000e4600000, 0x00000000e4600000| Untracked 
|  71|0x00000000e4700000, 0x00000000e4700000, 0x00000000e4800000|  0%| F|  |TAMS 0x00000000e4700000, 0x00000000e4700000| Untracked 
|  72|0x00000000e4800000, 0x00000000e4800000, 0x00000000e4900000|  0%| F|  |TAMS 0x00000000e4800000, 0x00000000e4800000| Untracked 
|  73|0x00000000e4900000, 0x00000000e4900000, 0x00000000e4a00000|  0%| F|  |TAMS 0x00000000e4900000, 0x00000000e4900000| Untracked 
|  74|0x00000000e4a00000, 0x00000000e4a00000, 0x00000000e4b00000|  0%| F|  |TAMS 0x00000000e4a00000, 0x00000000e4a00000| Untracked 
|  75|0x00000000e4b00000, 0x00000000e4b00000, 0x00000000e4c00000|  0%| F|  |TAMS 0x00000000e4b00000, 0x00000000e4b00000| Untracked 
|  76|0x00000000e4c00000, 0x00000000e4c00000, 0x00000000e4d00000|  0%| F|  |TAMS 0x00000000e4c00000, 0x00000000e4c00000| Untracked 
|  77|0x00000000e4d00000, 0x00000000e4d00000, 0x00000000e4e00000|  0%| F|  |TAMS 0x00000000e4d00000, 0x00000000e4d00000| Untracked 
|  78|0x00000000e4e00000, 0x00000000e4e00000, 0x00000000e4f00000|  0%| F|  |TAMS 0x00000000e4e00000, 0x00000000e4e00000| Untracked 
|  79|0x00000000e4f00000, 0x00000000e4f00000, 0x00000000e5000000|  0%| F|  |TAMS 0x00000000e4f00000, 0x00000000e4f00000| Untracked 
|  80|0x00000000e5000000, 0x00000000e5000000, 0x00000000e5100000|  0%| F|  |TAMS 0x00000000e5000000, 0x00000000e5000000| Untracked 
|  81|0x00000000e5100000, 0x00000000e5100000, 0x00000000e5200000|  0%| F|  |TAMS 0x00000000e5100000, 0x00000000e5100000| Untracked 
|  82|0x00000000e5200000, 0x00000000e5200000, 0x00000000e5300000|  0%| F|  |TAMS 0x00000000e5200000, 0x00000000e5200000| Untracked 
|  83|0x00000000e5300000, 0x00000000e5300000, 0x00000000e5400000|  0%| F|  |TAMS 0x00000000e5300000, 0x00000000e5300000| Untracked 
|  84|0x00000000e5400000, 0x00000000e5400000, 0x00000000e5500000|  0%| F|  |TAMS 0x00000000e5400000, 0x00000000e5400000| Untracked 
|  85|0x00000000e5500000, 0x00000000e5500000, 0x00000000e5600000|  0%| F|  |TAMS 0x00000000e5500000, 0x00000000e5500000| Untracked 
|  86|0x00000000e5600000, 0x00000000e5600000, 0x00000000e5700000|  0%| F|  |TAMS 0x00000000e5600000, 0x00000000e5600000| Untracked 
|  87|0x00000000e5700000, 0x00000000e5700000, 0x00000000e5800000|  0%| F|  |TAMS 0x00000000e5700000, 0x00000000e5700000| Untracked 
|  88|0x00000000e5800000, 0x00000000e5800000, 0x00000000e5900000|  0%| F|  |TAMS 0x00000000e5800000, 0x00000000e5800000| Untracked 
|  89|0x00000000e5900000, 0x00000000e5900000, 0x00000000e5a00000|  0%| F|  |TAMS 0x00000000e5900000, 0x00000000e5900000| Untracked 
|  90|0x00000000e5a00000, 0x00000000e5a00000, 0x00000000e5b00000|  0%| F|  |TAMS 0x00000000e5a00000, 0x00000000e5a00000| Untracked 
|  91|0x00000000e5b00000, 0x00000000e5b00000, 0x00000000e5c00000|  0%| F|  |TAMS 0x00000000e5b00000, 0x00000000e5b00000| Untracked 
|  92|0x00000000e5c00000, 0x00000000e5c00000, 0x00000000e5d00000|  0%| F|  |TAMS 0x00000000e5c00000, 0x00000000e5c00000| Untracked 
|  93|0x00000000e5d00000, 0x00000000e5d00000, 0x00000000e5e00000|  0%| F|  |TAMS 0x00000000e5d00000, 0x00000000e5d00000| Untracked 
|  94|0x00000000e5e00000, 0x00000000e5e00000, 0x00000000e5f00000|  0%| F|  |TAMS 0x00000000e5e00000, 0x00000000e5e00000| Untracked 
|  95|0x00000000e5f00000, 0x00000000e5f00000, 0x00000000e6000000|  0%| F|  |TAMS 0x00000000e5f00000, 0x00000000e5f00000| Untracked 
|  96|0x00000000e6000000, 0x00000000e6000000, 0x00000000e6100000|  0%| F|  |TAMS 0x00000000e6000000, 0x00000000e6000000| Untracked 
|  97|0x00000000e6100000, 0x00000000e6100000, 0x00000000e6200000|  0%| F|  |TAMS 0x00000000e6100000, 0x00000000e6100000| Untracked 
|  98|0x00000000e6200000, 0x00000000e6200000, 0x00000000e6300000|  0%| F|  |TAMS 0x00000000e6200000, 0x00000000e6200000| Untracked 
|  99|0x00000000e6300000, 0x00000000e6300000, 0x00000000e6400000|  0%| F|  |TAMS 0x00000000e6300000, 0x00000000e6300000| Untracked 
| 100|0x00000000e6400000, 0x00000000e6400000, 0x00000000e6500000|  0%| F|  |TAMS 0x00000000e6400000, 0x00000000e6400000| Untracked 
| 101|0x00000000e6500000, 0x00000000e6500000, 0x00000000e6600000|  0%| F|  |TAMS 0x00000000e6500000, 0x00000000e6500000| Untracked 
| 102|0x00000000e6600000, 0x00000000e6600000, 0x00000000e6700000|  0%| F|  |TAMS 0x00000000e6600000, 0x00000000e6600000| Untracked 
| 103|0x00000000e6700000, 0x00000000e6700000, 0x00000000e6800000|  0%| F|  |TAMS 0x00000000e6700000, 0x00000000e6700000| Untracked 
| 104|0x00000000e6800000, 0x00000000e6800000, 0x00000000e6900000|  0%| F|  |TAMS 0x00000000e6800000, 0x00000000e6800000| Untracked 
| 105|0x00000000e6900000, 0x00000000e6900000, 0x00000000e6a00000|  0%| F|  |TAMS 0x00000000e6900000, 0x00000000e6900000| Untracked 
| 106|0x00000000e6a00000, 0x00000000e6a00000, 0x00000000e6b00000|  0%| F|  |TAMS 0x00000000e6a00000, 0x00000000e6a00000| Untracked 
| 107|0x00000000e6b00000, 0x00000000e6b00000, 0x00000000e6c00000|  0%| F|  |TAMS 0x00000000e6b00000, 0x00000000e6b00000| Untracked 
| 108|0x00000000e6c00000, 0x00000000e6c00000, 0x00000000e6d00000|  0%| F|  |TAMS 0x00000000e6c00000, 0x00000000e6c00000| Untracked 
| 109|0x00000000e6d00000, 0x00000000e6d00000, 0x00000000e6e00000|  0%| F|  |TAMS 0x00000000e6d00000, 0x00000000e6d00000| Untracked 
| 110|0x00000000e6e00000, 0x00000000e6e00000, 0x00000000e6f00000|  0%| F|  |TAMS 0x00000000e6e00000, 0x00000000e6e00000| Untracked 
| 111|0x00000000e6f00000, 0x00000000e6f00000, 0x00000000e7000000|  0%| F|  |TAMS 0x00000000e6f00000, 0x00000000e6f00000| Untracked 
| 112|0x00000000e7000000, 0x00000000e7000000, 0x00000000e7100000|  0%| F|  |TAMS 0x00000000e7000000, 0x00000000e7000000| Untracked 
| 113|0x00000000e7100000, 0x00000000e7100000, 0x00000000e7200000|  0%| F|  |TAMS 0x00000000e7100000, 0x00000000e7100000| Untracked 
| 114|0x00000000e7200000, 0x00000000e7200000, 0x00000000e7300000|  0%| F|  |TAMS 0x00000000e7200000, 0x00000000e7200000| Untracked 
| 115|0x00000000e7300000, 0x00000000e732ca60, 0x00000000e7400000| 17%| S|CS|TAMS 0x00000000e7300000, 0x00000000e7300000| Complete 
| 116|0x00000000e7400000, 0x00000000e7500000, 0x00000000e7500000|100%| S|CS|TAMS 0x00000000e7400000, 0x00000000e7400000| Complete 
| 117|0x00000000e7500000, 0x00000000e7600000, 0x00000000e7600000|100%| S|CS|TAMS 0x00000000e7500000, 0x00000000e7500000| Complete 
| 118|0x00000000e7600000, 0x00000000e7700000, 0x00000000e7700000|100%| S|CS|TAMS 0x00000000e7600000, 0x00000000e7600000| Complete 
| 119|0x00000000e7700000, 0x00000000e7800000, 0x00000000e7800000|100%| S|CS|TAMS 0x00000000e7700000, 0x00000000e7700000| Complete 
| 120|0x00000000e7800000, 0x00000000e7900000, 0x00000000e7900000|100%| S|CS|TAMS 0x00000000e7800000, 0x00000000e7800000| Complete 
| 121|0x00000000e7900000, 0x00000000e7900000, 0x00000000e7a00000|  0%| F|  |TAMS 0x00000000e7900000, 0x00000000e7900000| Untracked 
| 122|0x00000000e7a00000, 0x00000000e7a00000, 0x00000000e7b00000|  0%| F|  |TAMS 0x00000000e7a00000, 0x00000000e7a00000| Untracked 
| 123|0x00000000e7b00000, 0x00000000e7b00000, 0x00000000e7c00000|  0%| F|  |TAMS 0x00000000e7b00000, 0x00000000e7b00000| Untracked 
| 124|0x00000000e7c00000, 0x00000000e7c00000, 0x00000000e7d00000|  0%| F|  |TAMS 0x00000000e7c00000, 0x00000000e7c00000| Untracked 
| 125|0x00000000e7d00000, 0x00000000e7d00000, 0x00000000e7e00000|  0%| F|  |TAMS 0x00000000e7d00000, 0x00000000e7d00000| Untracked 
| 126|0x00000000e7e00000, 0x00000000e7e00000, 0x00000000e7f00000|  0%| F|  |TAMS 0x00000000e7e00000, 0x00000000e7e00000| Untracked 
| 127|0x00000000e7f00000, 0x00000000e7f00000, 0x00000000e8000000|  0%| F|  |TAMS 0x00000000e7f00000, 0x00000000e7f00000| Untracked 
| 128|0x00000000e8000000, 0x00000000e8000000, 0x00000000e8100000|  0%| F|  |TAMS 0x00000000e8000000, 0x00000000e8000000| Untracked 
| 129|0x00000000e8100000, 0x00000000e8100000, 0x00000000e8200000|  0%| F|  |TAMS 0x00000000e8100000, 0x00000000e8100000| Untracked 
| 130|0x00000000e8200000, 0x00000000e8200000, 0x00000000e8300000|  0%| F|  |TAMS 0x00000000e8200000, 0x00000000e8200000| Untracked 
| 131|0x00000000e8300000, 0x00000000e8300000, 0x00000000e8400000|  0%| F|  |TAMS 0x00000000e8300000, 0x00000000e8300000| Untracked 
| 132|0x00000000e8400000, 0x00000000e8400000, 0x00000000e8500000|  0%| F|  |TAMS 0x00000000e8400000, 0x00000000e8400000| Untracked 
| 133|0x00000000e8500000, 0x00000000e8571880, 0x00000000e8600000| 44%| E|  |TAMS 0x00000000e8500000, 0x00000000e8500000| Complete 
| 134|0x00000000e8600000, 0x00000000e8700000, 0x00000000e8700000|100%| E|CS|TAMS 0x00000000e8600000, 0x00000000e8600000| Complete 
| 135|0x00000000e8700000, 0x00000000e8800000, 0x00000000e8800000|100%| E|CS|TAMS 0x00000000e8700000, 0x00000000e8700000| Complete 
| 136|0x00000000e8800000, 0x00000000e8900000, 0x00000000e8900000|100%| E|CS|TAMS 0x00000000e8800000, 0x00000000e8800000| Complete 
| 137|0x00000000e8900000, 0x00000000e8a00000, 0x00000000e8a00000|100%| E|CS|TAMS 0x00000000e8900000, 0x00000000e8900000| Complete 
| 138|0x00000000e8a00000, 0x00000000e8b00000, 0x00000000e8b00000|100%| E|CS|TAMS 0x00000000e8a00000, 0x00000000e8a00000| Complete 
| 139|0x00000000e8b00000, 0x00000000e8c00000, 0x00000000e8c00000|100%| E|CS|TAMS 0x00000000e8b00000, 0x00000000e8b00000| Complete 
| 140|0x00000000e8c00000, 0x00000000e8d00000, 0x00000000e8d00000|100%| E|CS|TAMS 0x00000000e8c00000, 0x00000000e8c00000| Complete 
| 141|0x00000000e8d00000, 0x00000000e8e00000, 0x00000000e8e00000|100%| E|CS|TAMS 0x00000000e8d00000, 0x00000000e8d00000| Complete 
| 142|0x00000000e8e00000, 0x00000000e8f00000, 0x00000000e8f00000|100%| E|CS|TAMS 0x00000000e8e00000, 0x00000000e8e00000| Complete 
| 143|0x00000000e8f00000, 0x00000000e9000000, 0x00000000e9000000|100%| E|CS|TAMS 0x00000000e8f00000, 0x00000000e8f00000| Complete 
| 144|0x00000000e9000000, 0x00000000e9100000, 0x00000000e9100000|100%| E|CS|TAMS 0x00000000e9000000, 0x00000000e9000000| Complete 
| 145|0x00000000e9100000, 0x00000000e9200000, 0x00000000e9200000|100%| E|CS|TAMS 0x00000000e9100000, 0x00000000e9100000| Complete 
| 146|0x00000000e9200000, 0x00000000e9300000, 0x00000000e9300000|100%| E|CS|TAMS 0x00000000e9200000, 0x00000000e9200000| Complete 
| 147|0x00000000e9300000, 0x00000000e9400000, 0x00000000e9400000|100%| E|CS|TAMS 0x00000000e9300000, 0x00000000e9300000| Complete 
| 148|0x00000000e9400000, 0x00000000e9500000, 0x00000000e9500000|100%| E|CS|TAMS 0x00000000e9400000, 0x00000000e9400000| Complete 
| 149|0x00000000e9500000, 0x00000000e9600000, 0x00000000e9600000|100%| E|CS|TAMS 0x00000000e9500000, 0x00000000e9500000| Complete 
| 150|0x00000000e9600000, 0x00000000e9700000, 0x00000000e9700000|100%| E|CS|TAMS 0x00000000e9600000, 0x00000000e9600000| Complete 
| 151|0x00000000e9700000, 0x00000000e9800000, 0x00000000e9800000|100%| E|CS|TAMS 0x00000000e9700000, 0x00000000e9700000| Complete 
| 152|0x00000000e9800000, 0x00000000e9900000, 0x00000000e9900000|100%| E|CS|TAMS 0x00000000e9800000, 0x00000000e9800000| Complete 
| 153|0x00000000e9900000, 0x00000000e9a00000, 0x00000000e9a00000|100%| E|CS|TAMS 0x00000000e9900000, 0x00000000e9900000| Complete 
| 154|0x00000000e9a00000, 0x00000000e9b00000, 0x00000000e9b00000|100%| E|CS|TAMS 0x00000000e9a00000, 0x00000000e9a00000| Complete 
| 155|0x00000000e9b00000, 0x00000000e9c00000, 0x00000000e9c00000|100%| E|CS|TAMS 0x00000000e9b00000, 0x00000000e9b00000| Complete 
| 156|0x00000000e9c00000, 0x00000000e9d00000, 0x00000000e9d00000|100%| E|CS|TAMS 0x00000000e9c00000, 0x00000000e9c00000| Complete 
| 157|0x00000000e9d00000, 0x00000000e9e00000, 0x00000000e9e00000|100%| E|CS|TAMS 0x00000000e9d00000, 0x00000000e9d00000| Complete 
| 158|0x00000000e9e00000, 0x00000000e9f00000, 0x00000000e9f00000|100%| E|CS|TAMS 0x00000000e9e00000, 0x00000000e9e00000| Complete 
| 159|0x00000000e9f00000, 0x00000000ea000000, 0x00000000ea000000|100%| E|CS|TAMS 0x00000000e9f00000, 0x00000000e9f00000| Complete 
| 160|0x00000000ea000000, 0x00000000ea100000, 0x00000000ea100000|100%| E|CS|TAMS 0x00000000ea000000, 0x00000000ea000000| Complete 
| 161|0x00000000ea100000, 0x00000000ea200000, 0x00000000ea200000|100%| E|CS|TAMS 0x00000000ea100000, 0x00000000ea100000| Complete 
| 162|0x00000000ea200000, 0x00000000ea300000, 0x00000000ea300000|100%| E|CS|TAMS 0x00000000ea200000, 0x00000000ea200000| Complete 
| 163|0x00000000ea300000, 0x00000000ea400000, 0x00000000ea400000|100%| E|CS|TAMS 0x00000000ea300000, 0x00000000ea300000| Complete 
| 164|0x00000000ea400000, 0x00000000ea500000, 0x00000000ea500000|100%| E|CS|TAMS 0x00000000ea400000, 0x00000000ea400000| Complete 
| 165|0x00000000ea500000, 0x00000000ea600000, 0x00000000ea600000|100%| E|CS|TAMS 0x00000000ea500000, 0x00000000ea500000| Complete 
| 166|0x00000000ea600000, 0x00000000ea700000, 0x00000000ea700000|100%| E|CS|TAMS 0x00000000ea600000, 0x00000000ea600000| Complete 
| 167|0x00000000ea700000, 0x00000000ea800000, 0x00000000ea800000|100%| E|CS|TAMS 0x00000000ea700000, 0x00000000ea700000| Complete 
| 168|0x00000000ea800000, 0x00000000ea900000, 0x00000000ea900000|100%| E|CS|TAMS 0x00000000ea800000, 0x00000000ea800000| Complete 
| 169|0x00000000ea900000, 0x00000000eaa00000, 0x00000000eaa00000|100%| E|CS|TAMS 0x00000000ea900000, 0x00000000ea900000| Complete 
| 170|0x00000000eaa00000, 0x00000000eab00000, 0x00000000eab00000|100%| E|CS|TAMS 0x00000000eaa00000, 0x00000000eaa00000| Complete 
| 171|0x00000000eab00000, 0x00000000eac00000, 0x00000000eac00000|100%| E|CS|TAMS 0x00000000eab00000, 0x00000000eab00000| Complete 
| 172|0x00000000eac00000, 0x00000000ead00000, 0x00000000ead00000|100%| E|CS|TAMS 0x00000000eac00000, 0x00000000eac00000| Complete 
| 173|0x00000000ead00000, 0x00000000eae00000, 0x00000000eae00000|100%| E|CS|TAMS 0x00000000ead00000, 0x00000000ead00000| Complete 
| 174|0x00000000eae00000, 0x00000000eaf00000, 0x00000000eaf00000|100%| E|CS|TAMS 0x00000000eae00000, 0x00000000eae00000| Complete 
| 175|0x00000000eaf00000, 0x00000000eb000000, 0x00000000eb000000|100%| E|CS|TAMS 0x00000000eaf00000, 0x00000000eaf00000| Complete 
| 176|0x00000000eb000000, 0x00000000eb100000, 0x00000000eb100000|100%| E|CS|TAMS 0x00000000eb000000, 0x00000000eb000000| Complete 
| 177|0x00000000eb100000, 0x00000000eb200000, 0x00000000eb200000|100%| E|CS|TAMS 0x00000000eb100000, 0x00000000eb100000| Complete 
| 178|0x00000000eb200000, 0x00000000eb300000, 0x00000000eb300000|100%| E|CS|TAMS 0x00000000eb200000, 0x00000000eb200000| Complete 
| 179|0x00000000eb300000, 0x00000000eb400000, 0x00000000eb400000|100%| E|CS|TAMS 0x00000000eb300000, 0x00000000eb300000| Complete 
| 180|0x00000000eb400000, 0x00000000eb500000, 0x00000000eb500000|100%| E|CS|TAMS 0x00000000eb400000, 0x00000000eb400000| Complete 
| 181|0x00000000eb500000, 0x00000000eb600000, 0x00000000eb600000|100%| E|CS|TAMS 0x00000000eb500000, 0x00000000eb500000| Complete 
| 182|0x00000000eb600000, 0x00000000eb700000, 0x00000000eb700000|100%| E|CS|TAMS 0x00000000eb600000, 0x00000000eb600000| Complete 
| 183|0x00000000eb700000, 0x00000000eb800000, 0x00000000eb800000|100%| E|CS|TAMS 0x00000000eb700000, 0x00000000eb700000| Complete 
| 184|0x00000000eb800000, 0x00000000eb900000, 0x00000000eb900000|100%| E|CS|TAMS 0x00000000eb800000, 0x00000000eb800000| Complete 
| 185|0x00000000eb900000, 0x00000000eba00000, 0x00000000eba00000|100%| E|CS|TAMS 0x00000000eb900000, 0x00000000eb900000| Complete 
| 186|0x00000000eba00000, 0x00000000ebb00000, 0x00000000ebb00000|100%| E|CS|TAMS 0x00000000eba00000, 0x00000000eba00000| Complete 
| 187|0x00000000ebb00000, 0x00000000ebc00000, 0x00000000ebc00000|100%| E|CS|TAMS 0x00000000ebb00000, 0x00000000ebb00000| Complete 
| 188|0x00000000ebc00000, 0x00000000ebd00000, 0x00000000ebd00000|100%| E|CS|TAMS 0x00000000ebc00000, 0x00000000ebc00000| Complete 
| 189|0x00000000ebd00000, 0x00000000ebe00000, 0x00000000ebe00000|100%| E|CS|TAMS 0x00000000ebd00000, 0x00000000ebd00000| Complete 
| 190|0x00000000ebe00000, 0x00000000ebf00000, 0x00000000ebf00000|100%| E|CS|TAMS 0x00000000ebe00000, 0x00000000ebe00000| Complete 
| 191|0x00000000ebf00000, 0x00000000ec000000, 0x00000000ec000000|100%| E|CS|TAMS 0x00000000ebf00000, 0x00000000ebf00000| Complete 
| 192|0x00000000ec000000, 0x00000000ec100000, 0x00000000ec100000|100%| E|CS|TAMS 0x00000000ec000000, 0x00000000ec000000| Complete 
| 193|0x00000000ec100000, 0x00000000ec200000, 0x00000000ec200000|100%| E|CS|TAMS 0x00000000ec100000, 0x00000000ec100000| Complete 
| 194|0x00000000ec200000, 0x00000000ec300000, 0x00000000ec300000|100%| E|CS|TAMS 0x00000000ec200000, 0x00000000ec200000| Complete 
| 195|0x00000000ec300000, 0x00000000ec400000, 0x00000000ec400000|100%| E|CS|TAMS 0x00000000ec300000, 0x00000000ec300000| Complete 
| 196|0x00000000ec400000, 0x00000000ec500000, 0x00000000ec500000|100%| E|CS|TAMS 0x00000000ec400000, 0x00000000ec400000| Complete 
| 197|0x00000000ec500000, 0x00000000ec600000, 0x00000000ec600000|100%| E|CS|TAMS 0x00000000ec500000, 0x00000000ec500000| Complete 
| 198|0x00000000ec600000, 0x00000000ec700000, 0x00000000ec700000|100%| E|CS|TAMS 0x00000000ec600000, 0x00000000ec600000| Complete 
| 199|0x00000000ec700000, 0x00000000ec800000, 0x00000000ec800000|100%| E|CS|TAMS 0x00000000ec700000, 0x00000000ec700000| Complete 
| 200|0x00000000ec800000, 0x00000000ec900000, 0x00000000ec900000|100%| E|  |TAMS 0x00000000ec800000, 0x00000000ec800000| Complete 
| 201|0x00000000ec900000, 0x00000000eca00000, 0x00000000eca00000|100%| E|CS|TAMS 0x00000000ec900000, 0x00000000ec900000| Complete 
| 202|0x00000000eca00000, 0x00000000ecb00000, 0x00000000ecb00000|100%| E|CS|TAMS 0x00000000eca00000, 0x00000000eca00000| Complete 
| 203|0x00000000ecb00000, 0x00000000ecc00000, 0x00000000ecc00000|100%| E|CS|TAMS 0x00000000ecb00000, 0x00000000ecb00000| Complete 
| 204|0x00000000ecc00000, 0x00000000ecd00000, 0x00000000ecd00000|100%| E|CS|TAMS 0x00000000ecc00000, 0x00000000ecc00000| Complete 
| 205|0x00000000ecd00000, 0x00000000ece00000, 0x00000000ece00000|100%| E|CS|TAMS 0x00000000ecd00000, 0x00000000ecd00000| Complete 
| 206|0x00000000ece00000, 0x00000000ecf00000, 0x00000000ecf00000|100%| E|CS|TAMS 0x00000000ece00000, 0x00000000ece00000| Complete 
| 207|0x00000000ecf00000, 0x00000000ed000000, 0x00000000ed000000|100%| E|CS|TAMS 0x00000000ecf00000, 0x00000000ecf00000| Complete 
| 208|0x00000000ed000000, 0x00000000ed100000, 0x00000000ed100000|100%| E|CS|TAMS 0x00000000ed000000, 0x00000000ed000000| Complete 
| 209|0x00000000ed100000, 0x00000000ed200000, 0x00000000ed200000|100%| E|CS|TAMS 0x00000000ed100000, 0x00000000ed100000| Complete 
| 210|0x00000000ed200000, 0x00000000ed300000, 0x00000000ed300000|100%| E|CS|TAMS 0x00000000ed200000, 0x00000000ed200000| Complete 
| 211|0x00000000ed300000, 0x00000000ed400000, 0x00000000ed400000|100%| E|CS|TAMS 0x00000000ed300000, 0x00000000ed300000| Complete 
| 212|0x00000000ed400000, 0x00000000ed500000, 0x00000000ed500000|100%| E|CS|TAMS 0x00000000ed400000, 0x00000000ed400000| Complete 
| 213|0x00000000ed500000, 0x00000000ed600000, 0x00000000ed600000|100%| E|CS|TAMS 0x00000000ed500000, 0x00000000ed500000| Complete 
| 214|0x00000000ed600000, 0x00000000ed700000, 0x00000000ed700000|100%| E|CS|TAMS 0x00000000ed600000, 0x00000000ed600000| Complete 
| 215|0x00000000ed700000, 0x00000000ed800000, 0x00000000ed800000|100%| E|CS|TAMS 0x00000000ed700000, 0x00000000ed700000| Complete 
| 216|0x00000000ed800000, 0x00000000ed900000, 0x00000000ed900000|100%| E|CS|TAMS 0x00000000ed800000, 0x00000000ed800000| Complete 
| 217|0x00000000ed900000, 0x00000000eda00000, 0x00000000eda00000|100%| E|CS|TAMS 0x00000000ed900000, 0x00000000ed900000| Complete 
| 218|0x00000000eda00000, 0x00000000edb00000, 0x00000000edb00000|100%| E|CS|TAMS 0x00000000eda00000, 0x00000000eda00000| Complete 
| 219|0x00000000edb00000, 0x00000000edc00000, 0x00000000edc00000|100%| E|CS|TAMS 0x00000000edb00000, 0x00000000edb00000| Complete 
| 220|0x00000000edc00000, 0x00000000edd00000, 0x00000000edd00000|100%| E|CS|TAMS 0x00000000edc00000, 0x00000000edc00000| Complete 
| 221|0x00000000edd00000, 0x00000000ede00000, 0x00000000ede00000|100%| E|CS|TAMS 0x00000000edd00000, 0x00000000edd00000| Complete 
| 222|0x00000000ede00000, 0x00000000edf00000, 0x00000000edf00000|100%| E|CS|TAMS 0x00000000ede00000, 0x00000000ede00000| Complete 
| 223|0x00000000edf00000, 0x00000000ee000000, 0x00000000ee000000|100%| E|CS|TAMS 0x00000000edf00000, 0x00000000edf00000| Complete 
| 224|0x00000000ee000000, 0x00000000ee100000, 0x00000000ee100000|100%| E|CS|TAMS 0x00000000ee000000, 0x00000000ee000000| Complete 
| 225|0x00000000ee100000, 0x00000000ee200000, 0x00000000ee200000|100%| E|CS|TAMS 0x00000000ee100000, 0x00000000ee100000| Complete 
| 226|0x00000000ee200000, 0x00000000ee300000, 0x00000000ee300000|100%| E|CS|TAMS 0x00000000ee200000, 0x00000000ee200000| Complete 
| 227|0x00000000ee300000, 0x00000000ee400000, 0x00000000ee400000|100%| E|CS|TAMS 0x00000000ee300000, 0x00000000ee300000| Complete 
| 228|0x00000000ee400000, 0x00000000ee500000, 0x00000000ee500000|100%| E|CS|TAMS 0x00000000ee400000, 0x00000000ee400000| Complete 
| 229|0x00000000ee500000, 0x00000000ee600000, 0x00000000ee600000|100%| E|CS|TAMS 0x00000000ee500000, 0x00000000ee500000| Complete 
| 230|0x00000000ee600000, 0x00000000ee700000, 0x00000000ee700000|100%| E|CS|TAMS 0x00000000ee600000, 0x00000000ee600000| Complete 
| 231|0x00000000ee700000, 0x00000000ee800000, 0x00000000ee800000|100%| E|CS|TAMS 0x00000000ee700000, 0x00000000ee700000| Complete 
| 232|0x00000000ee800000, 0x00000000ee900000, 0x00000000ee900000|100%| E|CS|TAMS 0x00000000ee800000, 0x00000000ee800000| Complete 
| 233|0x00000000ee900000, 0x00000000eea00000, 0x00000000eea00000|100%| E|CS|TAMS 0x00000000ee900000, 0x00000000ee900000| Complete 
| 234|0x00000000eea00000, 0x00000000eeb00000, 0x00000000eeb00000|100%| E|CS|TAMS 0x00000000eea00000, 0x00000000eea00000| Complete 
| 235|0x00000000eeb00000, 0x00000000eec00000, 0x00000000eec00000|100%| E|CS|TAMS 0x00000000eeb00000, 0x00000000eeb00000| Complete 
| 236|0x00000000eec00000, 0x00000000eed00000, 0x00000000eed00000|100%| E|CS|TAMS 0x00000000eec00000, 0x00000000eec00000| Complete 
| 237|0x00000000eed00000, 0x00000000eee00000, 0x00000000eee00000|100%| E|CS|TAMS 0x00000000eed00000, 0x00000000eed00000| Complete 
| 238|0x00000000eee00000, 0x00000000eef00000, 0x00000000eef00000|100%| E|CS|TAMS 0x00000000eee00000, 0x00000000eee00000| Complete 
| 239|0x00000000eef00000, 0x00000000ef000000, 0x00000000ef000000|100%| E|CS|TAMS 0x00000000eef00000, 0x00000000eef00000| Complete 
| 240|0x00000000ef000000, 0x00000000ef100000, 0x00000000ef100000|100%| E|CS|TAMS 0x00000000ef000000, 0x00000000ef000000| Complete 
| 241|0x00000000ef100000, 0x00000000ef200000, 0x00000000ef200000|100%| E|CS|TAMS 0x00000000ef100000, 0x00000000ef100000| Complete 
| 242|0x00000000ef200000, 0x00000000ef300000, 0x00000000ef300000|100%| E|CS|TAMS 0x00000000ef200000, 0x00000000ef200000| Complete 
| 243|0x00000000ef300000, 0x00000000ef400000, 0x00000000ef400000|100%| E|CS|TAMS 0x00000000ef300000, 0x00000000ef300000| Complete 
| 244|0x00000000ef400000, 0x00000000ef500000, 0x00000000ef500000|100%| E|CS|TAMS 0x00000000ef400000, 0x00000000ef400000| Complete 
| 245|0x00000000ef500000, 0x00000000ef600000, 0x00000000ef600000|100%| E|CS|TAMS 0x00000000ef500000, 0x00000000ef500000| Complete 
| 246|0x00000000ef600000, 0x00000000ef700000, 0x00000000ef700000|100%| E|CS|TAMS 0x00000000ef600000, 0x00000000ef600000| Complete 
| 247|0x00000000ef700000, 0x00000000ef800000, 0x00000000ef800000|100%| E|CS|TAMS 0x00000000ef700000, 0x00000000ef700000| Complete 
| 248|0x00000000ef800000, 0x00000000ef900000, 0x00000000ef900000|100%| E|CS|TAMS 0x00000000ef800000, 0x00000000ef800000| Complete 
| 249|0x00000000ef900000, 0x00000000efa00000, 0x00000000efa00000|100%| E|CS|TAMS 0x00000000ef900000, 0x00000000ef900000| Complete 
| 250|0x00000000efa00000, 0x00000000efb00000, 0x00000000efb00000|100%| E|CS|TAMS 0x00000000efa00000, 0x00000000efa00000| Complete 
| 251|0x00000000efb00000, 0x00000000efc00000, 0x00000000efc00000|100%| E|CS|TAMS 0x00000000efb00000, 0x00000000efb00000| Complete 
| 252|0x00000000efc00000, 0x00000000efd00000, 0x00000000efd00000|100%| E|CS|TAMS 0x00000000efc00000, 0x00000000efc00000| Complete 
| 253|0x00000000efd00000, 0x00000000efe00000, 0x00000000efe00000|100%| E|CS|TAMS 0x00000000efd00000, 0x00000000efd00000| Complete 
| 254|0x00000000efe00000, 0x00000000eff00000, 0x00000000eff00000|100%| E|CS|TAMS 0x00000000efe00000, 0x00000000efe00000| Complete 
| 255|0x00000000eff00000, 0x00000000f0000000, 0x00000000f0000000|100%| E|CS|TAMS 0x00000000eff00000, 0x00000000eff00000| Complete 

Card table byte_map: [0x0000019dd6bb0000,0x0000019dd6cb0000] _byte_map_base: 0x0000019dd64b0000

Marking Bits (Prev, Next): (CMBitMap*) 0x0000019dbd60ca58, (CMBitMap*) 0x0000019dbd60ca90
 Prev Bits: [0x0000019dd6db0000, 0x0000019dd75b0000)
 Next Bits: [0x0000019dd75b0000, 0x0000019dd7db0000)

Polling page: 0x0000019dbd690000

Metaspace:

Usage:
  Non-class:     63.35 MB capacity,    61.78 MB ( 98%) used,     1.31 MB (  2%) free+waste,   267.50 KB ( <1%) overhead. 
      Class:      9.24 MB capacity,     8.35 MB ( 90%) used,   788.11 KB (  8%) free+waste,   119.25 KB (  1%) overhead. 
       Both:     72.59 MB capacity,    70.13 MB ( 97%) used,     2.08 MB (  3%) free+waste,   386.75 KB ( <1%) overhead. 

Virtual space:
  Non-class space:       64.00 MB reserved,      63.45 MB (>99%) committed 
      Class space:      248.00 MB reserved,       9.25 MB (  4%) committed 
             Both:      312.00 MB reserved,      72.70 MB ( 23%) committed 

Chunk freelists:
   Non-Class:  2.00 KB
       Class:  0 bytes
        Both:  2.00 KB

MaxMetaspaceSize: 256.00 MB
CompressedClassSpaceSize: 248.00 MB

CodeHeap 'non-profiled nmethods': size=120064Kb used=12739Kb max_used=12739Kb free=107325Kb
 bounds [0x0000019dcef30000, 0x0000019dcfbb0000, 0x0000019dd6470000]
CodeHeap 'profiled nmethods': size=120000Kb used=34998Kb max_used=35088Kb free=85001Kb
 bounds [0x0000019dc7a00000, 0x0000019dc9c80000, 0x0000019dcef30000]
CodeHeap 'non-nmethods': size=5696Kb used=2233Kb max_used=2296Kb free=3462Kb
 bounds [0x0000019dc7470000, 0x0000019dc76e0000, 0x0000019dc7a00000]
 total_blobs=15621 nmethods=14807 adapters=725
 compilation: enabled
              stopped_count=0, restarted_count=0
 full_count=0

Compilation events (20 events):
Event: 2216.574 Thread 0x0000019ddac89000 nmethod 17424 0x0000019dc89ed710 code [0x0000019dc89ed8c0, 0x0000019dc89edad8]
Event: 2216.574 Thread 0x0000019ddac89000 17422       2       org.gradle.internal.operations.DefaultBuildOperationExecutor::determineParent (16 bytes)
Event: 2216.574 Thread 0x0000019ddac89000 nmethod 17422 0x0000019dc8968910 code [0x0000019dc8968ac0, 0x0000019dc8968bd8]
Event: 2216.574 Thread 0x0000019ddac89000 17425       2       org.gradle.internal.operations.DefaultBuildOperationExecutor$DefaultBuildOperationContext::<init> (5 bytes)
Event: 2216.574 Thread 0x0000019ddac89000 nmethod 17425 0x0000019dc8978f10 code [0x0000019dc89790c0, 0x0000019dc89791b8]
Event: 2216.574 Thread 0x0000019ddac89000 17426       2       org.gradle.internal.operations.DefaultBuildOperationExecutor$DefaultBuildOperationContext::<init> (5 bytes)
Event: 2216.574 Thread 0x0000019ddac89000 nmethod 17426 0x0000019dc897dc90 code [0x0000019dc897de40, 0x0000019dc897df38]
Event: 2216.574 Thread 0x0000019ddac89000 17428       3       org.gradle.api.internal.plugins.DefaultPluginRegistry$PluginIdLookupCacheKey::equals (63 bytes)
Event: 2216.575 Thread 0x0000019ddac89000 nmethod 17428 0x0000019dc8bb4d90 code [0x0000019dc8bb4f80, 0x0000019dc8bb54b8]
Event: 2216.575 Thread 0x0000019ddac89000 17429       3       org.gradle.api.reflect.TypeOf::typeWhichCannotBeNull (16 bytes)
Event: 2216.576 Thread 0x0000019ddac89000 nmethod 17429 0x0000019dc89f1a90 code [0x0000019dc89f1c60, 0x0000019dc89f1e48]
Event: 2216.576 Thread 0x0000019ddac89000 17430       3       org.gradle.api.reflect.TypeOf::<init> (6 bytes)
Event: 2216.576 Thread 0x0000019ddac89000 nmethod 17430 0x0000019dc8a10090 code [0x0000019dc8a10240, 0x0000019dc8a10458]
Event: 2216.576 Thread 0x0000019ddac89000 17432       3       org.gradle.api.internal.AbstractNamedDomainObjectContainer::create (15 bytes)
Event: 2216.576 Thread 0x0000019ddac89000 nmethod 17432 0x0000019dc8a37f10 code [0x0000019dc8a38100, 0x0000019dc8a38528]
Event: 2216.576 Thread 0x0000019ddac89000 17431       3       org.gradle.api.reflect.TypeOf::<init> (10 bytes)
Event: 2216.576 Thread 0x0000019ddac89000 nmethod 17431 0x0000019dc8999790 code [0x0000019dc8999940, 0x0000019dc8999af8]
Event: 2216.576 Thread 0x0000019ddac89000 17433       1       org.gradle.api.internal.file.DefaultSourceDirectorySet::getFilter (5 bytes)
Event: 2216.576 Thread 0x0000019ddac89000 nmethod 17433 0x0000019dcfba3110 code [0x0000019dcfba32c0, 0x0000019dcfba3378]
Event: 2216.576 Thread 0x0000019ddac89000 17434       3       org.gradle.api.internal.artifacts.configurations.DefaultConfiguration_Decorated::setCanBeConsumed (12 bytes)

GC Heap History (20 events):
Event: 551.385 GC heap before
{Heap before GC invocations=18 (full 0):
 garbage-first heap   total 262144K, used 196908K [0x00000000e0000000, 0x0000000100000000)
  region size 1024K, 151 young (154624K), 9 survivors (9216K)
 Metaspace       used 68699K, capacity 70577K, committed 70732K, reserved 317440K
  class space    used 8300K, capacity 9036K, committed 9088K, reserved 253952K
}
Event: 551.391 GC heap after
{Heap after GC invocations=19 (full 0):
 garbage-first heap   total 262144K, used 48941K [0x00000000e0000000, 0x0000000100000000)
  region size 1024K, 5 young (5120K), 5 survivors (5120K)
 Metaspace       used 68699K, capacity 70577K, committed 70732K, reserved 317440K
  class space    used 8300K, capacity 9036K, committed 9088K, reserved 253952K
}
Event: 595.017 GC heap before
{Heap before GC invocations=19 (full 0):
 garbage-first heap   total 262144K, used 199469K [0x00000000e0000000, 0x0000000100000000)
  region size 1024K, 153 young (156672K), 5 survivors (5120K)
 Metaspace       used 69286K, capacity 71242K, committed 71500K, reserved 317440K
  class space    used 8300K, capacity 9036K, committed 9088K, reserved 253952K
}
Event: 595.022 GC heap after
{Heap after GC invocations=20 (full 0):
 garbage-first heap   total 262144K, used 50329K [0x00000000e0000000, 0x0000000100000000)
  region size 1024K, 7 young (7168K), 7 survivors (7168K)
 Metaspace       used 69286K, capacity 71242K, committed 71500K, reserved 317440K
  class space    used 8300K, capacity 9036K, committed 9088K, reserved 253952K
}
Event: 654.652 GC heap before
{Heap before GC invocations=20 (full 0):
 garbage-first heap   total 262144K, used 198809K [0x00000000e0000000, 0x0000000100000000)
  region size 1024K, 153 young (156672K), 7 survivors (7168K)
 Metaspace       used 69403K, capacity 71307K, committed 71500K, reserved 317440K
  class space    used 8301K, capacity 9036K, committed 9088K, reserved 253952K
}
Event: 654.658 GC heap after
{Heap after GC invocations=21 (full 0):
 garbage-first heap   total 262144K, used 51684K [0x00000000e0000000, 0x0000000100000000)
  region size 1024K, 8 young (8192K), 8 survivors (8192K)
 Metaspace       used 69403K, capacity 71307K, committed 71500K, reserved 317440K
  class space    used 8301K, capacity 9036K, committed 9088K, reserved 253952K
}
Event: 731.724 GC heap before
{Heap before GC invocations=21 (full 0):
 garbage-first heap   total 262144K, used 199140K [0x00000000e0000000, 0x0000000100000000)
  region size 1024K, 153 young (156672K), 8 survivors (8192K)
 Metaspace       used 69678K, capacity 71641K, committed 71756K, reserved 317440K
  class space    used 8302K, capacity 9037K, committed 9088K, reserved 253952K
}
Event: 731.732 GC heap after
{Heap after GC invocations=22 (full 0):
 garbage-first heap   total 262144K, used 53257K [0x00000000e0000000, 0x0000000100000000)
  region size 1024K, 10 young (10240K), 10 survivors (10240K)
 Metaspace       used 69678K, capacity 71641K, committed 71756K, reserved 317440K
  class space    used 8302K, capacity 9037K, committed 9088K, reserved 253952K
}
Event: 947.085 GC heap before
{Heap before GC invocations=22 (full 0):
 garbage-first heap   total 262144K, used 198665K [0x00000000e0000000, 0x0000000100000000)
  region size 1024K, 153 young (156672K), 10 survivors (10240K)
 Metaspace       used 69880K, capacity 71779K, committed 72012K, reserved 317440K
  class space    used 8302K, capacity 9037K, committed 9088K, reserved 253952K
}
Event: 947.094 GC heap after
{Heap after GC invocations=23 (full 0):
 garbage-first heap   total 262144K, used 55822K [0x00000000e0000000, 0x0000000100000000)
  region size 1024K, 12 young (12288K), 12 survivors (12288K)
 Metaspace       used 69880K, capacity 71779K, committed 72012K, reserved 317440K
  class space    used 8302K, capacity 9037K, committed 9088K, reserved 253952K
}
Event: 1177.546 GC heap before
{Heap before GC invocations=23 (full 0):
 garbage-first heap   total 262144K, used 199182K [0x00000000e0000000, 0x0000000100000000)
  region size 1024K, 153 young (156672K), 12 survivors (12288K)
 Metaspace       used 70017K, capacity 71974K, committed 72268K, reserved 317440K
  class space    used 8303K, capacity 9037K, committed 9088K, reserved 253952K
}
Event: 1177.558 GC heap after
{Heap after GC invocations=24 (full 0):
 garbage-first heap   total 262144K, used 57971K [0x00000000e0000000, 0x0000000100000000)
  region size 1024K, 12 young (12288K), 12 survivors (12288K)
 Metaspace       used 70017K, capacity 71974K, committed 72268K, reserved 317440K
  class space    used 8303K, capacity 9037K, committed 9088K, reserved 253952K
}
Event: 1369.060 GC heap before
{Heap before GC invocations=24 (full 0):
 garbage-first heap   total 262144K, used 201331K [0x00000000e0000000, 0x0000000100000000)
  region size 1024K, 153 young (156672K), 12 survivors (12288K)
 Metaspace       used 70188K, capacity 72052K, committed 72268K, reserved 317440K
  class space    used 8305K, capacity 9040K, committed 9088K, reserved 253952K
}
Event: 1369.072 GC heap after
{Heap after GC invocations=25 (full 0):
 garbage-first heap   total 262144K, used 64296K [0x00000000e0000000, 0x0000000100000000)
  region size 1024K, 16 young (16384K), 16 survivors (16384K)
 Metaspace       used 70188K, capacity 72052K, committed 72268K, reserved 317440K
  class space    used 8305K, capacity 9040K, committed 9088K, reserved 253952K
}
Event: 1422.496 GC heap before
{Heap before GC invocations=25 (full 0):
 garbage-first heap   total 262144K, used 201512K [0x00000000e0000000, 0x0000000100000000)
  region size 1024K, 151 young (154624K), 16 survivors (16384K)
 Metaspace       used 71338K, capacity 73815K, committed 73932K, reserved 319488K
  class space    used 8513K, capacity 9427K, committed 9472K, reserved 253952K
}
Event: 1422.501 GC heap after
{Heap after GC invocations=26 (full 0):
 garbage-first heap   total 262144K, used 54995K [0x00000000e0000000, 0x0000000100000000)
  region size 1024K, 5 young (5120K), 5 survivors (5120K)
 Metaspace       used 71338K, capacity 73815K, committed 73932K, reserved 319488K
  class space    used 8513K, capacity 9427K, committed 9472K, reserved 253952K
}
Event: 1688.050 GC heap before
{Heap before GC invocations=26 (full 0):
 garbage-first heap   total 262144K, used 204499K [0x00000000e0000000, 0x0000000100000000)
  region size 1024K, 152 young (155648K), 5 survivors (5120K)
 Metaspace       used 71395K, capacity 73818K, committed 73932K, reserved 319488K
  class space    used 8514K, capacity 9427K, committed 9472K, reserved 253952K
}
Event: 1688.058 GC heap after
{Heap after GC invocations=27 (full 0):
 garbage-first heap   total 262144K, used 63354K [0x00000000e0000000, 0x0000000100000000)
  region size 1024K, 14 young (14336K), 14 survivors (14336K)
 Metaspace       used 71395K, capacity 73818K, committed 73932K, reserved 319488K
  class space    used 8514K, capacity 9427K, committed 9472K, reserved 253952K
}
Event: 1790.822 GC heap before
{Heap before GC invocations=27 (full 0):
 garbage-first heap   total 262144K, used 200570K [0x00000000e0000000, 0x0000000100000000)
  region size 1024K, 149 young (152576K), 14 survivors (14336K)
 Metaspace       used 71495K, capacity 73948K, committed 74188K, reserved 319488K
  class space    used 8514K, capacity 9427K, committed 9472K, reserved 253952K
}
Event: 1790.827 GC heap after
{Heap after GC invocations=28 (full 0):
 garbage-first heap   total 262144K, used 57483K [0x00000000e0000000, 0x0000000100000000)
  region size 1024K, 6 young (6144K), 6 survivors (6144K)
 Metaspace       used 71495K, capacity 73948K, committed 74188K, reserved 319488K
  class space    used 8514K, capacity 9427K, committed 9472K, reserved 253952K
}

Deoptimization events (20 events):
Event: 2146.111 Thread 0x0000019ddf65e000 Uncommon trap: trap_request=0xffffffde fr.pc=0x0000019dcef4e7e4 relative=0x00000000000001c4
Event: 2146.111 Thread 0x0000019ddf65e000 Uncommon trap: reason=class_check action=maybe_recompile pc=0x0000019dcef4e7e4 method=java.lang.String.equals(Ljava/lang/Object;)Z @ 8 c2
Event: 2146.111 Thread 0x0000019ddf65e000 DEOPT PACKING pc=0x0000019dcef4e7e4 sp=0x00000099037fb9a0
Event: 2146.111 Thread 0x0000019ddf65e000 DEOPT UNPACKING pc=0x0000019dc74974af sp=0x00000099037fb948 mode 2
Event: 2146.111 Thread 0x0000019ddf65e000 Uncommon trap: trap_request=0xffffffde fr.pc=0x0000019dcef4e7e4 relative=0x00000000000001c4
Event: 2146.111 Thread 0x0000019ddf65e000 Uncommon trap: reason=class_check action=maybe_recompile pc=0x0000019dcef4e7e4 method=java.lang.String.equals(Ljava/lang/Object;)Z @ 8 c2
Event: 2146.111 Thread 0x0000019ddf65e000 DEOPT PACKING pc=0x0000019dcef4e7e4 sp=0x00000099037fb9a0
Event: 2146.111 Thread 0x0000019ddf65e000 DEOPT UNPACKING pc=0x0000019dc74974af sp=0x00000099037fb948 mode 2
Event: 2146.130 Thread 0x0000019ddf65e000 Uncommon trap: trap_request=0xffffff4d fr.pc=0x0000019dcf5be48c relative=0x000000000000016c
Event: 2146.130 Thread 0x0000019ddf65e000 Uncommon trap: reason=unstable_if action=reinterpret pc=0x0000019dcf5be48c method=org.gradle.internal.io.StreamByteBuffer.prepareRead()I @ 30 c2
Event: 2146.130 Thread 0x0000019ddf65e000 DEOPT PACKING pc=0x0000019dcf5be48c sp=0x00000099037fd090
Event: 2146.130 Thread 0x0000019ddf65e000 DEOPT UNPACKING pc=0x0000019dc74974af sp=0x00000099037fd040 mode 2
Event: 2146.282 Thread 0x0000019ddf660800 Uncommon trap: trap_request=0xffffff4d fr.pc=0x0000019dcfad1c44 relative=0x0000000000000124
Event: 2146.282 Thread 0x0000019ddf660800 Uncommon trap: reason=unstable_if action=reinterpret pc=0x0000019dcfad1c44 method=com.esotericsoftware.kryo.io.Output.writeBytes([BII)V @ 61 c2
Event: 2146.282 Thread 0x0000019ddf660800 DEOPT PACKING pc=0x0000019dcfad1c44 sp=0x0000009902efb7e0
Event: 2146.282 Thread 0x0000019ddf660800 DEOPT UNPACKING pc=0x0000019dc74974af sp=0x0000009902efb720 mode 2
Event: 2216.578 Thread 0x0000019ddd628000 Uncommon trap: trap_request=0xffffff4d fr.pc=0x0000019dcf9e2698 relative=0x0000000000000938
Event: 2216.578 Thread 0x0000019ddd628000 Uncommon trap: reason=unstable_if action=reinterpret pc=0x0000019dcf9e2698 method=org.gradle.internal.operations.DefaultBuildOperationExecutor$3.stop()V @ 61 c2
Event: 2216.578 Thread 0x0000019ddd628000 DEOPT PACKING pc=0x0000019dcf9e2698 sp=0x00000099037fa110
Event: 2216.578 Thread 0x0000019ddd628000 DEOPT UNPACKING pc=0x0000019dc74974af sp=0x00000099037fa100 mode 2

Classes redefined (0 events):
No events

Internal exceptions (20 events):
Event: 1791.947 Thread 0x0000019ddd629000 Exception <a 'sun/nio/fs/WindowsException'{0x00000000ea058070}> (0x00000000ea058070) thrown at [./src/hotspot/share/prims/jni.cpp, line 615]
Event: 1791.956 Thread 0x0000019ddd629000 Exception <a 'sun/nio/fs/WindowsException'{0x00000000e9e290b8}> (0x00000000e9e290b8) thrown at [./src/hotspot/share/prims/jni.cpp, line 615]
Event: 1791.961 Thread 0x0000019ddd629000 Exception <a 'sun/nio/fs/WindowsException'{0x00000000e9e52790}> (0x00000000e9e52790) thrown at [./src/hotspot/share/prims/jni.cpp, line 615]
Event: 1791.962 Thread 0x0000019ddd629000 Exception <a 'sun/nio/fs/WindowsException'{0x00000000e9e54120}> (0x00000000e9e54120) thrown at [./src/hotspot/share/prims/jni.cpp, line 615]
Event: 1791.966 Thread 0x0000019ddd629000 Exception <a 'sun/nio/fs/WindowsException'{0x00000000e9e70270}> (0x00000000e9e70270) thrown at [./src/hotspot/share/prims/jni.cpp, line 615]
Event: 1791.970 Thread 0x0000019ddd629000 Exception <a 'sun/nio/fs/WindowsException'{0x00000000e9e91918}> (0x00000000e9e91918) thrown at [./src/hotspot/share/prims/jni.cpp, line 615]
Event: 1791.975 Thread 0x0000019ddd629000 Exception <a 'sun/nio/fs/WindowsException'{0x00000000e9eadf08}> (0x00000000e9eadf08) thrown at [./src/hotspot/share/prims/jni.cpp, line 615]
Event: 1791.980 Thread 0x0000019ddd629000 Exception <a 'sun/nio/fs/WindowsException'{0x00000000e9ee39b0}> (0x00000000e9ee39b0) thrown at [./src/hotspot/share/prims/jni.cpp, line 615]
Event: 1791.984 Thread 0x0000019ddd629000 Exception <a 'sun/nio/fs/WindowsException'{0x00000000e9d1dea0}> (0x00000000e9d1dea0) thrown at [./src/hotspot/share/prims/jni.cpp, line 615]
Event: 1791.985 Thread 0x0000019ddd629000 Exception <a 'sun/nio/fs/WindowsException'{0x00000000e9d1f5d8}> (0x00000000e9d1f5d8) thrown at [./src/hotspot/share/prims/jni.cpp, line 615]
Event: 2146.064 Thread 0x0000019ddf65e000 Exception <a 'java/lang/IncompatibleClassChangeError'{0x00000000e8e017b8}: Class java.util.concurrent.atomic.AtomicInteger does not implement the requested interface java.util.Set> (0x00000000e8e017b8) thrown at [./src/hotspot/share/interpreter/linkResolver.cpp, line 1450]
Event: 2146.276 Thread 0x0000019ddf660800 Exception <a 'java/lang/NoSuchMethodError'{0x00000000e8d7cc48}: <clinit>> (0x00000000e8d7cc48) thrown at [./src/hotspot/share/prims/jni.cpp, line 1362]
Event: 2146.276 Thread 0x0000019ddf660800 Exception <a 'java/lang/NoSuchMethodError'{0x00000000e8d8dc50}: <clinit>> (0x00000000e8d8dc50) thrown at [./src/hotspot/share/prims/jni.cpp, line 1362]
Event: 2146.276 Thread 0x0000019ddf660800 Exception <a 'java/lang/NoSuchMethodError'{0x00000000e8d8f338}: <clinit>> (0x00000000e8d8f338) thrown at [./src/hotspot/share/prims/jni.cpp, line 1362]
Event: 2146.277 Thread 0x0000019ddf660800 Exception <a 'java/lang/NoSuchMethodError'{0x00000000e8da1790}: <clinit>> (0x00000000e8da1790) thrown at [./src/hotspot/share/prims/jni.cpp, line 1362]
Event: 2146.277 Thread 0x0000019ddf660800 Exception <a 'java/lang/NoSuchMethodError'{0x00000000e8dadb40}: <clinit>> (0x00000000e8dadb40) thrown at [./src/hotspot/share/prims/jni.cpp, line 1362]
Event: 2152.956 Thread 0x0000019ddd626800 Exception <a 'java/lang/NoSuchMethodError'{0x00000000e8df6440}: <clinit>> (0x00000000e8df6440) thrown at [./src/hotspot/share/prims/jni.cpp, line 1362]
Event: 2152.957 Thread 0x0000019ddd626800 Exception <a 'java/lang/NoSuchMethodError'{0x00000000e8dfddf8}: <clinit>> (0x00000000e8dfddf8) thrown at [./src/hotspot/share/prims/jni.cpp, line 1362]
Event: 2152.961 Thread 0x0000019ddf660800 Exception <a 'java/lang/NoSuchMethodError'{0x00000000e8c29960}: <clinit>> (0x00000000e8c29960) thrown at [./src/hotspot/share/prims/jni.cpp, line 1362]
Event: 2216.578 Thread 0x0000019ddd628000 Exception <a 'java/lang/IncompatibleClassChangeError'{0x00000000e8561f98}: Class java.util.concurrent.atomic.AtomicInteger does not implement the requested interface java.util.Set> (0x00000000e8561f98) thrown at [./src/hotspot/share/interpreter/linkResolver.cpp, line 1450]

Events (20 events):
Event: 2216.561 Executing VM operation: RevokeBias
Event: 2216.561 Executing VM operation: RevokeBias done
Event: 2216.564 Thread 0x0000019ddc4b6800 Thread added: 0x0000019ddc4b6800
Event: 2216.564 Thread 0x0000019ddc4b7000 Thread added: 0x0000019ddc4b7000
Event: 2216.564 Thread 0x0000019ddc4b5000 Thread added: 0x0000019ddc4b5000
Event: 2216.564 Thread 0x0000019ddc4b9000 Thread added: 0x0000019ddc4b9000
Event: 2216.565 Thread 0x0000019ddc4b3000 Thread added: 0x0000019ddc4b3000
Event: 2216.565 Thread 0x0000019ddc4b8000 Thread added: 0x0000019ddc4b8000
Event: 2216.565 Thread 0x0000019ddc4b4000 Thread added: 0x0000019ddc4b4000
Event: 2216.565 Thread 0x0000019ddc4ba800 Thread added: 0x0000019ddc4ba800
Event: 2216.565 Thread 0x0000019ddc4bc000 Thread added: 0x0000019ddc4bc000
Event: 2216.566 Thread 0x0000019ddc4bd800 Thread added: 0x0000019ddc4bd800
Event: 2216.566 Thread 0x0000019ddc4be800 Thread added: 0x0000019ddc4be800
Event: 2216.566 Thread 0x0000019ddc4bf800 Thread added: 0x0000019ddc4bf800
Event: 2216.566 Thread 0x0000019ddc4bb800 Thread added: 0x0000019ddc4bb800
Event: 2216.567 Thread 0x0000019ddc4c0000 Thread added: 0x0000019ddc4c0000
Event: 2216.567 Thread 0x0000019ddc4c1000 Thread added: 0x0000019ddc4c1000
Event: 2216.567 Thread 0x0000019ddc4c2000 Thread added: 0x0000019ddc4c2000
Event: 2216.568 Thread 0x0000019ddc4bd000 Thread added: 0x0000019ddc4bd000
Event: 2216.578 Executing VM operation: RevokeBias


Dynamic libraries:
0x00007ff66a750000 - 0x00007ff66a75d000 	C:\Users\micool\.jdks\corretto-11.0.9.1\bin\java.exe
0x00007ff9df330000 - 0x00007ff9df526000 	C:\WINDOWS\SYSTEM32\ntdll.dll
0x00007ff9dd8c0000 - 0x00007ff9dd97d000 	C:\WINDOWS\System32\KERNEL32.DLL
0x00007ff9dcd80000 - 0x00007ff9dd049000 	C:\WINDOWS\System32\KERNELBASE.dll
0x00007ff9dd260000 - 0x00007ff9dd360000 	C:\WINDOWS\System32\ucrtbase.dll
0x00007ff9d3a90000 - 0x00007ff9d3aa7000 	C:\Users\micool\.jdks\corretto-11.0.9.1\bin\jli.dll
0x00007ff9de630000 - 0x00007ff9de7d0000 	C:\WINDOWS\System32\USER32.dll
0x00007ff9dccb0000 - 0x00007ff9dccd2000 	C:\WINDOWS\System32\win32u.dll
0x00007ff9ddab0000 - 0x00007ff9ddada000 	C:\WINDOWS\System32\GDI32.dll
0x00007ff9dcba0000 - 0x00007ff9dcca9000 	C:\WINDOWS\System32\gdi32full.dll
0x00007ff9dcce0000 - 0x00007ff9dcd7d000 	C:\WINDOWS\System32\msvcp_win.dll
0x00007ff9d3890000 - 0x00007ff9d38a5000 	C:\Users\micool\.jdks\corretto-11.0.9.1\bin\VCRUNTIME140.dll
0x00007ff9d1390000 - 0x00007ff9d162b000 	C:\WINDOWS\WinSxS\amd64_microsoft.windows.common-controls_6595b64144ccf1df_6.0.19041.488_none_ca04af081b815d21\COMCTL32.dll
0x00007ff9df250000 - 0x00007ff9df2ee000 	C:\WINDOWS\System32\msvcrt.dll
0x00007ff9def30000 - 0x00007ff9def60000 	C:\WINDOWS\System32\IMM32.DLL
0x00007ff9dd980000 - 0x00007ff9ddaab000 	C:\WINDOWS\System32\RPCRT4.dll
0x00007ff9def60000 - 0x00007ff9df00c000 	C:\WINDOWS\System32\ADVAPI32.dll
0x00007ff9df070000 - 0x00007ff9df10c000 	C:\WINDOWS\System32\sechost.dll
0x00007ff9dde10000 - 0x00007ff9de552000 	C:\WINDOWS\System32\SHELL32.dll
0x00007ff9debd0000 - 0x00007ff9def26000 	C:\WINDOWS\System32\combase.dll
0x00007ff9df010000 - 0x00007ff9df065000 	C:\WINDOWS\System32\SHLWAPI.dll
0x00007ff9db830000 - 0x00007ff9db863000 	C:\WINDOWS\SYSTEM32\ntmarta.dll
0x00007ff9dc920000 - 0x00007ff9dc95c000 	C:\WINDOWS\SYSTEM32\SspiCli.dll
0x00007ff9daba0000 - 0x00007ff9db335000 	C:\WINDOWS\SYSTEM32\windows.storage.dll
0x00007ff9dc340000 - 0x00007ff9dc36c000 	C:\WINDOWS\SYSTEM32\Wldp.dll
0x00007ff9ddbc0000 - 0x00007ff9ddc6e000 	C:\WINDOWS\System32\SHCORE.dll
0x00007ff9b3970000 - 0x00007ff9b3a0b000 	C:\Users\micool\.jdks\corretto-11.0.9.1\bin\msvcp140.dll
0x00007ff98b070000 - 0x00007ff98bbb4000 	C:\Users\micool\.jdks\corretto-11.0.9.1\bin\server\jvm.dll
0x00007ff9dde00000 - 0x00007ff9dde08000 	C:\WINDOWS\System32\PSAPI.DLL
0x00007ff9da2c0000 - 0x00007ff9da2c9000 	C:\WINDOWS\SYSTEM32\WSOCK32.dll
0x00007ff9ddd90000 - 0x00007ff9dddfb000 	C:\WINDOWS\System32\WS2_32.dll
0x00007ff9d17e0000 - 0x00007ff9d1807000 	C:\WINDOWS\SYSTEM32\WINMM.dll
0x00007ff9d7cc0000 - 0x00007ff9d7cca000 	C:\WINDOWS\SYSTEM32\VERSION.dll
0x00007ff9da9a0000 - 0x00007ff9da9b2000 	C:\WINDOWS\SYSTEM32\kernel.appcore.dll
0x00007ff9d3870000 - 0x00007ff9d3880000 	C:\Users\micool\.jdks\corretto-11.0.9.1\bin\verify.dll
0x00007ff9c61b0000 - 0x00007ff9c6394000 	C:\WINDOWS\SYSTEM32\DBGHELP.DLL
0x00007ff9c5890000 - 0x00007ff9c58bc000 	C:\WINDOWS\SYSTEM32\dbgcore.DLL
0x00007ff9dcb20000 - 0x00007ff9dcba0000 	C:\WINDOWS\System32\bcryptPrimitives.dll
0x00007ff9d3840000 - 0x00007ff9d3868000 	C:\Users\micool\.jdks\corretto-11.0.9.1\bin\java.dll
0x00007ff9c1f10000 - 0x00007ff9c1f1a000 	C:\Users\micool\.jdks\corretto-11.0.9.1\bin\jimage.dll
0x00007ff9bb200000 - 0x00007ff9bb217000 	C:\Users\micool\.jdks\corretto-11.0.9.1\bin\zip.dll
0x00007ff9dc9a0000 - 0x00007ff9dc9c6000 	C:\WINDOWS\SYSTEM32\profapi.dll
0x00007ff9bb180000 - 0x00007ff9bb199000 	C:\Users\micool\.jdks\corretto-11.0.9.1\bin\net.dll
0x00007ff9d5ad0000 - 0x00007ff9d5bd0000 	C:\WINDOWS\SYSTEM32\WINHTTP.dll
0x00007ff9dc130000 - 0x00007ff9dc19a000 	C:\WINDOWS\system32\mswsock.dll
0x00007ff9baa70000 - 0x00007ff9baa82000 	C:\Users\micool\.jdks\corretto-11.0.9.1\bin\nio.dll
0x00007ff9d38b0000 - 0x00007ff9d38d7000 	C:\Users\micool\.gradle\native\9f2fa17c089eee584f3420100432f77ec4c098959e4bf121a4d6054c26537dfb\windows-amd64\native-platform.dll
0x00007ff9c0bc0000 - 0x00007ff9c0bc9000 	C:\Users\micool\.jdks\corretto-11.0.9.1\bin\management.dll
0x00007ff9c0b90000 - 0x00007ff9c0b9b000 	C:\Users\micool\.jdks\corretto-11.0.9.1\bin\management_ext.dll
0x00007ff9dc660000 - 0x00007ff9dc678000 	C:\WINDOWS\SYSTEM32\CRYPTSP.dll
0x00007ff9dbae0000 - 0x00007ff9dbb14000 	C:\WINDOWS\system32\rsaenh.dll
0x00007ff9dd360000 - 0x00007ff9dd387000 	C:\WINDOWS\System32\bcrypt.dll
0x00007ff9dc960000 - 0x00007ff9dc98e000 	C:\WINDOWS\SYSTEM32\USERENV.dll
0x00007ff9dc2b0000 - 0x00007ff9dc2bc000 	C:\WINDOWS\SYSTEM32\CRYPTBASE.dll
0x00007ff9dbe40000 - 0x00007ff9dbe7b000 	C:\WINDOWS\SYSTEM32\IPHLPAPI.DLL
0x00007ff9dd800000 - 0x00007ff9dd808000 	C:\WINDOWS\System32\NSI.dll
0x00007ff9d72a0000 - 0x00007ff9d72b7000 	C:\WINDOWS\SYSTEM32\dhcpcsvc6.DLL
0x00007ff9d7280000 - 0x00007ff9d729d000 	C:\WINDOWS\SYSTEM32\dhcpcsvc.DLL
0x00007ff9dbe80000 - 0x00007ff9dbf4b000 	C:\WINDOWS\SYSTEM32\DNSAPI.dll
0x00007ff9d72d0000 - 0x00007ff9d72db000 	C:\WINDOWS\SYSTEM32\WINNSI.DLL
0x00007ff997c60000 - 0x00007ff997df6000 	C:\Users\micool\.gradle\native\9f2fa17c089eee584f3420100432f77ec4c098959e4bf121a4d6054c26537dfb\windows-amd64\native-platform-file-events.dll

dbghelp: loaded successfully - version: 4.0.5 - missing functions: none
symbol engine: initialized successfully - sym options: 0x614 - pdb path: .;C:\Users\micool\.jdks\corretto-11.0.9.1\bin;C:\WINDOWS\SYSTEM32;C:\WINDOWS\WinSxS\amd64_microsoft.windows.common-controls_6595b64144ccf1df_6.0.19041.488_none_ca04af081b815d21;C:\Users\micool\.jdks\corretto-11.0.9.1\bin\server;C:\Users\micool\.gradle\native\9f2fa17c089eee584f3420100432f77ec4c098959e4bf121a4d6054c26537dfb\windows-amd64

VM Arguments:
jvm_args: --add-opens=java.base/java.util=ALL-UNNAMED --add-opens=java.base/java.lang=ALL-UNNAMED --add-opens=java.base/java.lang.invoke=ALL-UNNAMED --add-opens=java.prefs/java.util.prefs=ALL-UNNAMED -XX:MaxMetaspaceSize=256m -XX:+HeapDumpOnOutOfMemoryError -Xms256m -Xmx512m -Dfile.encoding=windows-1252 -Duser.country=PH -Duser.language=en -Duser.variant 
java_command: org.gradle.launcher.daemon.bootstrap.GradleDaemon 6.6.1
java_class_path (initial): C:\Users\micool\.gradle\wrapper\dists\gradle-6.6.1-all\ejrtlte9hlw8v6ii20a9584rs\gradle-6.6.1\lib\gradle-launcher-6.6.1.jar
Launcher Type: SUN_STANDARD

[Global flags]
     intx CICompilerCount                          = 3                                         {product} {ergonomic}
   size_t CompressedClassSpaceSize                 = 260046848                                 {product} {ergonomic}
     uint ConcGCThreads                            = 1                                         {product} {ergonomic}
     uint G1ConcRefinementThreads                  = 4                                         {product} {ergonomic}
   size_t G1HeapRegionSize                         = 1048576                                   {product} {ergonomic}
    uintx GCDrainStackTargetSize                   = 64                                        {product} {ergonomic}
     bool HeapDumpOnOutOfMemoryError               = true                                   {manageable} {command line}
   size_t InitialHeapSize                          = 268435456                                 {product} {command line}
   size_t MarkStackSize                            = 4194304                                   {product} {ergonomic}
   size_t MaxHeapSize                              = 536870912                                 {product} {command line}
   size_t MaxMetaspaceSize                         = 268435456                                 {product} {command line}
   size_t MaxNewSize                               = 321912832                                 {product} {ergonomic}
   size_t MinHeapDeltaBytes                        = 1048576                                   {product} {ergonomic}
    uintx NonNMethodCodeHeapSize                   = 5830732                                {pd product} {ergonomic}
    uintx NonProfiledCodeHeapSize                  = 122913754                              {pd product} {ergonomic}
    uintx ProfiledCodeHeapSize                     = 122913754                              {pd product} {ergonomic}
    uintx ReservedCodeCacheSize                    = 251658240                              {pd product} {ergonomic}
     bool SegmentedCodeCache                       = true                                      {product} {ergonomic}
     bool UseCompressedClassPointers               = true                                 {lp64_product} {ergonomic}
     bool UseCompressedOops                        = true                                 {lp64_product} {ergonomic}
     bool UseG1GC                                  = true                                      {product} {ergonomic}
     bool UseLargePagesIndividualAllocation        = false                                  {pd product} {ergonomic}

Logging:
Log output configuration:
 #0: stdout all=warning uptime,level,tags
 #1: stderr all=off uptime,level,tags

Environment Variables:
JAVA_HOME=C:\Program Files\Java\jdk-15.0.1
PATH=C:\Python39\Scripts\;C:\Python39\;C:\Program Files\Common Files\Oracle\Java\javapath;C:\WINDOWS\system32;C:\WINDOWS;C:\WINDOWS\System32\Wbem;C:\WINDOWS\System32\WindowsPowerShell\v1.0\;C:\WINDOWS\System32\OpenSSH\;C:\Program Files\Git\cmd;C:\ProgramData\chocolatey\bin;C:\Program Files\dotnet\;C:\Program Files\Microsoft SQL Server\130\Tools\Binn\;C:\Program Files\Microsoft SQL Server\Client SDK\ODBC\170\Tools\Binn\;C:\Gradle\gradle-6.7\bin;C:\Program Files\nodejs\;C:\ProgramData\ComposerSetup\bin;C:\Program Files\Docker\Docker\resources\bin;C:\ProgramData\DockerDesktop\version-bin;C:\Users\micool\AppData\Local\Microsoft\WindowsApps;C:\Users\micool\AppData\Local\Programs\Microsoft VS Code\bin;C:\Program Files\JetBrains\DataGrip 2020.2.3\bin;;C:\Program Files\JetBrains\IntelliJ IDEA 2020.2.3\bin;;C:\Users\micool\.dotnet\tools;C:\Program Files\JetBrains\WebStorm 2020.3\bin;;C:\Users\micool\AppData\Local\GitHubDesktop\bin;C:\Users\micool\AppData\Roaming\Composer\vendor\bin;C:\Users\micool\AppData\Roaming\npm;C:\flutter\bin;C:\flutter\bin\cache\dart-sdk\bin;C:\xampp\php;
USERNAME=micool
OS=Windows_NT
PROCESSOR_IDENTIFIER=Intel64 Family 6 Model 158 Stepping 11, GenuineIntel



---------------  S Y S T E M  ---------------

OS: Windows 10 , 64 bit Build 19041 (10.0.19041.662)
OS uptime: 0 days 17:03 hours
HyperV virtualization detected

CPU:total 4 (initial active 4) (4 cores per cpu, 1 threads per core) family 6 model 158 stepping 11, cmov, cx8, fxsr, mmx, sse, sse2, sse3, ssse3, sse4.1, sse4.2, popcnt, avx, avx2, aes, clmul, erms, 3dnowpref, lzcnt, tsc, tscinvbit, bmi1, bmi2, adx, fma

Memory: 4k page, system-wide physical 12236M (3197M free)
TotalPageFile size 20940M (AvailPageFile size 7072M)
current process WorkingSet (physical memory assigned to process): 424M, peak: 472M
current process commit charge ("private bytes"): 533M, peak: 541M

vm_info: OpenJDK 64-Bit Server VM (11.0.9.1+12-LTS) for windows-amd64 JRE (11.0.9.1+12-LTS), built on Nov  4 2020 10:17:53 by "Administrator" with MS VC++ 15.9 (VS2017)

END.
